[2022-04-28 11:15:21,669] [INFO] [psnopc][conftest.py - line:12] 自动化测试开始!
[2022-04-28 11:15:21,672] [INFO] [psnopc][driver.py - line:12] A3KUUT2113000390
[2022-04-28 11:15:25,693] [INFO] [psnopc][driver.py - line:18] 初始化driver异常!USB device A3KUUT2113000390 is offline
[2022-04-28 11:15:25,693] [INFO] [psnopc][conftest.py - line:14] driver初始化
[2022-04-28 11:15:28,756] [INFO] [psnopc][run.py - line:22] 报告地址:d:\workspace_new\uiauto2_ele/reports/index.html
[2022-04-28 11:18:05,242] [INFO] [psnopc][conftest.py - line:12] 自动化测试开始!
[2022-04-28 11:18:05,242] [INFO] [psnopc][driver.py - line:12] A3KUUT2113000390
[2022-04-28 11:18:07,189] [WARNING] [psnopc][api.py - line:40] ('Connection aborted.', RemoteDisconnected('Remote end closed connection without response')), retrying in 0.5 seconds...
[2022-04-28 11:18:07,703] [WARNING] [psnopc][api.py - line:40] ('Connection aborted.', RemoteDisconnected('Remote end closed connection without response')), retrying in 0.5 seconds...
[2022-04-28 11:18:08,246] [INFO] [psnopc][driver.py - line:15] 连接设备:A3KUUT2113000390
[2022-04-28 11:18:08,247] [INFO] [psnopc][conftest.py - line:14] driver初始化
[2022-04-28 11:18:21,311] [INFO] [psnopc][test_audience_host_report.py - line:16] 初始化进入直播间
[2022-04-28 11:18:25,805] [INFO] [psnopc][base.py - line:34] 点击元素:「搜索按钮」
[2022-04-28 11:18:26,487] [INFO] [psnopc][base.py - line:88] 输入文字「输入搜索内容-自动化测试」
[2022-04-28 11:18:26,814] [INFO] [psnopc][base.py - line:34] 点击元素:「搜索按钮」
[2022-04-28 11:18:28,197] [INFO] [psnopc][base.py - line:34] 点击元素:「点击直播间」
[2022-04-28 11:18:49,835] [INFO] [psnopc][test_audience_host_report.py - line:19] 结束进入直播间
[2022-04-28 11:18:49,836] [INFO] [psnopc][conftest.py - line:20] 自动化测试结束!
[2022-04-28 11:18:52,147] [INFO] [psnopc][run.py - line:22] 报告地址:d:\workspace_new\uiauto2_ele/reports/index.html
[2022-04-28 11:19:19,714] [WARNING] [psnopc][api.py - line:40] -32001 Jsonrpc error: <androidx.test.uiautomator.UiObjectNotFoundException> data: UiSelector[CONTAINS_DESCRIPTION=自动化测试], method: objInfo, retrying in 0.5 seconds...
[2022-04-28 11:19:20,299] [WARNING] [psnopc][api.py - line:40] -32001 Jsonrpc error: <androidx.test.uiautomator.UiObjectNotFoundException> data: UiSelector[CONTAINS_DESCRIPTION=自动化测试], method: objInfo, retrying in 0.6 seconds...
[2022-04-28 11:19:23,207] [INFO] [psnopc][run.py - line:22] 报告地址:d:\workspace_new\uiauto2_ele/reports/index.html
[2022-04-28 11:20:11,223] [WARNING] [psnopc][api.py - line:40] -32001 Jsonrpc error: <androidx.test.uiautomator.UiObjectNotFoundException> data: UiSelector[CONTAINS_DESCRIPTION=自动化测试], method: objInfo, retrying in 0.5 seconds...
[2022-04-28 11:20:11,837] [WARNING] [psnopc][api.py - line:40] -32001 Jsonrpc error: <androidx.test.uiautomator.UiObjectNotFoundException> data: UiSelector[CONTAINS_DESCRIPTION=自动化测试], method: objInfo, retrying in 0.6 seconds...
[2022-04-28 11:20:14,620] [INFO] [psnopc][run.py - line:22] 报告地址:d:\workspace_new\uiauto2_ele/reports/index.html
[2022-04-28 11:24:33,868] [INFO] [psnopc][conftest.py - line:12] 自动化测试开始!
[2022-04-28 11:24:33,868] [INFO] [psnopc][driver.py - line:12] A3KUUT2113000390
[2022-04-28 11:24:34,893] [INFO] [psnopc][driver.py - line:15] 连接设备:A3KUUT2113000390
[2022-04-28 11:24:34,893] [INFO] [psnopc][conftest.py - line:14] driver初始化
[2022-04-28 11:24:39,514] [INFO] [psnopc][test_audience_enter_live_room.py - line:16] 初始化进入直播间
[2022-04-28 11:24:39,836] [INFO] [psnopc][base.py - line:34] 点击元素:「搜索按钮」
[2022-04-28 11:24:40,405] [INFO] [psnopc][base.py - line:88] 输入文字「输入搜索内容-自动化测试」
[2022-04-28 11:24:40,715] [INFO] [psnopc][base.py - line:34] 点击元素:「搜索按钮」
[2022-04-28 11:24:41,296] [INFO] [psnopc][base.py - line:34] 点击元素:「点击直播间」
[2022-04-28 11:24:43,247] [INFO] [psnopc][base.py - line:334] 断言「com.yiwuzhibo:id/liveroom_streamer_name」元素存在,成功了!
[2022-04-28 11:24:43,377] [INFO] [psnopc][base.py - line:334] 断言「com.yiwuzhibo:id/user_avatar」元素存在,成功了!
[2022-04-28 11:24:44,466] [INFO] [psnopc][base.py - line:334] 断言「com.yiwuzhibo:id/visitor_avatar」元素存在,成功了!
[2022-04-28 11:24:44,524] [INFO] [psnopc][base.py - line:334] 断言「com.yiwuzhibo:id/live_room_top_fans_tv」元素存在,成功了!
[2022-04-28 11:24:44,547] [INFO] [psnopc][base.py - line:334] 断言「com.yiwuzhibo:id/contribute_tv」元素存在,成功了!
[2022-04-28 11:24:44,584] [INFO] [psnopc][base.py - line:334] 断言「com.yiwuzhibo:id/liveroom_im_list」元素存在,成功了!
[2022-04-28 11:24:44,643] [INFO] [psnopc][base.py - line:334] 断言「com.yiwuzhibo:id/liveroom_play_comment」元素存在,成功了!
[2022-04-28 11:24:44,693] [INFO] [psnopc][base.py - line:334] 断言「com.yiwuzhibo:id/liveroom_play_link_mic」元素存在,成功了!
[2022-04-28 11:24:44,734] [INFO] [psnopc][base.py - line:334] 断言「com.yiwuzhibo:id/liveroom_play_share」元素存在,成功了!
[2022-04-28 11:24:44,821] [INFO] [psnopc][base.py - line:334] 断言「com.yiwuzhibo:id/liveroom_play_private_chat」元素存在,成功了!
[2022-04-28 11:24:44,860] [INFO] [psnopc][base.py - line:334] 断言「com.yiwuzhibo:id/liveroom_play_fun_more」元素存在,成功了!
[2022-04-28 11:24:44,886] [INFO] [psnopc][base.py - line:334] 断言「com.yiwuzhibo:id/liveroom_play_gift」元素存在,成功了!
[2022-04-28 11:24:44,972] [INFO] [psnopc][base.py - line:334] 断言「com.yiwuzhibo:id/av_room_top_close」元素存在,成功了!
[2022-04-28 11:24:45,228] [INFO] [psnopc][base.py - line:34] 点击元素:「主播头像」
[2022-04-28 11:24:46,346] [INFO] [psnopc][base.py - line:334] 断言「com.yiwuzhibo:id/user_avatar」元素存在,成功了!
[2022-04-28 11:24:46,388] [INFO] [psnopc][base.py - line:334] 断言「com.yiwuzhibo:id/av_room_person_name」元素存在,成功了!
[2022-04-28 11:24:46,457] [INFO] [psnopc][base.py - line:334] 断言「com.yiwuzhibo:id/ll_room_person_uid」元素存在,成功了!
[2022-04-28 11:24:46,506] [INFO] [psnopc][base.py - line:334] 断言「com.yiwuzhibo:id/av_room_person_manager」元素存在,成功了!
[2022-04-28 11:24:46,552] [INFO] [psnopc][base.py - line:334] 断言「com.yiwuzhibo:id/av_room_person_report」元素存在,成功了!
[2022-04-28 11:24:46,629] [INFO] [psnopc][base.py - line:334] 断言「com.yiwuzhibo:id/av_room_person_tag」元素存在,成功了!
[2022-04-28 11:24:46,680] [INFO] [psnopc][base.py - line:334] 断言「com.yiwuzhibo:id/av_room_person_sign」元素存在,成功了!
[2022-04-28 11:24:46,744] [INFO] [psnopc][base.py - line:334] 断言「com.yiwuzhibo:id/av_room_person_detail_fans」元素存在,成功了!
[2022-04-28 11:24:46,816] [INFO] [psnopc][base.py - line:334] 断言「com.yiwuzhibo:id/av_room_person_detail_follower」元素存在,成功了!
[2022-04-28 11:24:46,861] [INFO] [psnopc][base.py - line:334] 断言「com.yiwuzhibo:id/av_room_person_detail_send」元素存在,成功了!
[2022-04-28 11:24:46,906] [INFO] [psnopc][base.py - line:334] 断言「com.yiwuzhibo:id/av_room_person_detail_get」元素存在,成功了!
[2022-04-28 11:24:46,977] [INFO] [psnopc][base.py - line:334] 断言「com.yiwuzhibo:id/av_room_person_detail_main」元素存在,成功了!
[2022-04-28 11:24:47,036] [INFO] [psnopc][base.py - line:334] 断言「com.yiwuzhibo:id/av_room_person_detail_at」元素存在,成功了!
[2022-04-28 11:24:47,080] [INFO] [psnopc][base.py - line:334] 断言「com.yiwuzhibo:id/av_room_person_detail_focus」元素存在,成功了!
[2022-04-28 11:24:47,150] [INFO] [psnopc][base.py - line:334] 断言「com.yiwuzhibo:id/av_room_friend_status」元素存在,成功了!
[2022-04-28 11:24:47,152] [INFO] [psnopc][test_audience_enter_live_room.py - line:19] 结束进入直播间
[2022-04-28 11:24:47,153] [INFO] [psnopc][conftest.py - line:20] 自动化测试结束!
[2022-04-28 11:24:47,334] [INFO] [psnopc][conftest.py - line:12] 自动化测试开始!
[2022-04-28 11:24:47,334] [INFO] [psnopc][driver.py - line:12] A3KUUT2113000390
[2022-04-28 11:24:48,354] [INFO] [psnopc][driver.py - line:15] 连接设备:A3KUUT2113000390
[2022-04-28 11:24:48,354] [INFO] [psnopc][conftest.py - line:14] driver初始化
[2022-04-28 11:24:53,026] [INFO] [psnopc][test_audience_host_eit.py - line:16] 初始化进入直播间
[2022-04-28 11:24:53,403] [INFO] [psnopc][base.py - line:34] 点击元素:「搜索按钮」
[2022-04-28 11:24:53,976] [INFO] [psnopc][base.py - line:88] 输入文字「输入搜索内容-自动化测试」
[2022-04-28 11:24:54,305] [INFO] [psnopc][base.py - line:34] 点击元素:「搜索按钮」
[2022-04-28 11:24:54,846] [INFO] [psnopc][base.py - line:34] 点击元素:「点击直播间」
[2022-04-28 11:24:56,999] [INFO] [psnopc][base.py - line:34] 点击元素:「主播头像」
[2022-04-28 11:24:57,563] [INFO] [psnopc][base.py - line:34] 点击元素:「@」
[2022-04-28 11:25:25,937] [INFO] [psnopc][test_audience_host_eit.py - line:19] 结束进入直播间
[2022-04-28 11:25:25,939] [INFO] [psnopc][conftest.py - line:20] 自动化测试结束!
[2022-04-28 11:25:26,083] [INFO] [psnopc][conftest.py - line:12] 自动化测试开始!
[2022-04-28 11:25:26,084] [INFO] [psnopc][driver.py - line:12] A3KUUT2113000390
[2022-04-28 11:25:27,102] [INFO] [psnopc][driver.py - line:15] 连接设备:A3KUUT2113000390
[2022-04-28 11:25:27,102] [INFO] [psnopc][conftest.py - line:14] driver初始化
[2022-04-28 11:25:31,766] [INFO] [psnopc][test_audience_host_focus.py - line:16] 初始化进入直播间
[2022-04-28 11:25:32,100] [INFO] [psnopc][base.py - line:34] 点击元素:「搜索按钮」
[2022-04-28 11:25:32,644] [INFO] [psnopc][base.py - line:88] 输入文字「输入搜索内容-自动化测试」
[2022-04-28 11:25:32,920] [INFO] [psnopc][base.py - line:34] 点击元素:「搜索按钮」
[2022-04-28 11:25:33,407] [INFO] [psnopc][base.py - line:34] 点击元素:「点击直播间」
[2022-04-28 11:25:35,609] [INFO] [psnopc][base.py - line:34] 点击元素:「主播头像」
[2022-04-28 11:25:35,802] [INFO] [psnopc][base.py - line:429] 元素:「com.yiwuzhibo:id/av_room_person_detail_fans」的text为「1」
[2022-04-28 11:25:35,803] [INFO] [psnopc][audience.py - line:200] 当前粉丝数为:1
[2022-04-28 11:25:36,160] [INFO] [psnopc][base.py - line:34] 点击元素:「com.yiwuzhibo:id/av_room_person_detail_focus」
[2022-04-28 11:25:46,590] [INFO] [psnopc][base.py - line:218] 点击返回
[2022-04-28 11:25:47,052] [INFO] [psnopc][base.py - line:34] 点击元素:「主播头像」
[2022-04-28 11:25:48,241] [INFO] [psnopc][base.py - line:429] 元素:「com.yiwuzhibo:id/av_room_person_detail_fans」的text为「0」
[2022-04-28 11:25:48,241] [INFO] [psnopc][audience.py - line:200] 当前粉丝数为:0
[2022-04-28 11:25:48,617] [INFO] [psnopc][base.py - line:34] 点击元素:「com.yiwuzhibo:id/av_room_person_detail_focus」
[2022-04-28 11:25:48,619] [INFO] [psnopc][test_audience_host_focus.py - line:19] 结束进入直播间
[2022-04-28 11:25:48,620] [INFO] [psnopc][conftest.py - line:20] 自动化测试结束!
[2022-04-28 11:25:48,778] [INFO] [psnopc][conftest.py - line:12] 自动化测试开始!
[2022-04-28 11:25:48,778] [INFO] [psnopc][driver.py - line:12] A3KUUT2113000390
[2022-04-28 11:25:49,794] [INFO] [psnopc][driver.py - line:15] 连接设备:A3KUUT2113000390
[2022-04-28 11:25:49,795] [INFO] [psnopc][conftest.py - line:14] driver初始化
[2022-04-28 11:25:54,442] [INFO] [psnopc][test_audience_host_report.py - line:16] 初始化进入直播间
[2022-04-28 11:25:54,832] [INFO] [psnopc][base.py - line:34] 点击元素:「搜索按钮」
[2022-04-28 11:25:55,384] [INFO] [psnopc][base.py - line:88] 输入文字「输入搜索内容-自动化测试」
[2022-04-28 11:25:55,661] [INFO] [psnopc][base.py - line:34] 点击元素:「搜索按钮」
[2022-04-28 11:25:56,176] [INFO] [psnopc][base.py - line:34] 点击元素:「点击直播间」
[2022-04-28 11:25:58,271] [INFO] [psnopc][base.py - line:34] 点击元素:「主播头像」
[2022-04-28 11:25:58,815] [INFO] [psnopc][base.py - line:34] 点击元素:「举报」
[2022-04-28 11:26:01,128] [INFO] [psnopc][base.py - line:52] 点击元素:「色情低俗」
[2022-04-28 11:26:02,862] [INFO] [psnopc][base.py - line:34] 点击元素:「点击内容」
[2022-04-28 11:26:03,027] [INFO] [psnopc][base.py - line:112] 输入文字「主播很色情」
[2022-04-28 11:26:04,086] [INFO] [psnopc][base.py - line:218] 点击返回
[2022-04-28 11:26:04,365] [INFO] [psnopc][base.py - line:52] 点击元素:「提交」
[2022-04-28 11:26:10,141] [INFO] [psnopc][test_audience_host_report.py - line:19] 结束进入直播间
[2022-04-28 11:26:10,142] [INFO] [psnopc][conftest.py - line:20] 自动化测试结束!
[2022-04-28 11:26:10,312] [INFO] [psnopc][conftest.py - line:12] 自动化测试开始!
[2022-04-28 11:26:10,312] [INFO] [psnopc][driver.py - line:12] A3KUUT2113000390
[2022-04-28 11:26:11,327] [INFO] [psnopc][driver.py - line:15] 连接设备:A3KUUT2113000390
[2022-04-28 11:26:11,328] [INFO] [psnopc][conftest.py - line:14] driver初始化
[2022-04-28 11:26:15,980] [INFO] [psnopc][test_audience_host_shield.py - line:16] 初始化进入直播间
[2022-04-28 11:26:16,370] [INFO] [psnopc][base.py - line:34] 点击元素:「搜索按钮」
[2022-04-28 11:26:16,899] [INFO] [psnopc][base.py - line:88] 输入文字「输入搜索内容-自动化测试」
[2022-04-28 11:26:17,139] [INFO] [psnopc][base.py - line:34] 点击元素:「搜索按钮」
[2022-04-28 11:26:17,663] [INFO] [psnopc][base.py - line:34] 点击元素:「点击直播间」
[2022-04-28 11:26:19,775] [INFO] [psnopc][base.py - line:34] 点击元素:「主播头像」
[2022-04-28 11:26:20,306] [INFO] [psnopc][base.py - line:34] 点击元素:「更多」
[2022-04-28 11:26:21,693] [INFO] [psnopc][base.py - line:34] 点击元素:「拉黑」
[2022-04-28 11:26:22,072] [INFO] [psnopc][base.py - line:34] 点击元素:「确定」
[2022-04-28 11:26:22,872] [INFO] [psnopc][base.py - line:218] 点击返回
[2022-04-28 11:26:24,686] [INFO] [psnopc][base.py - line:34] 点击元素:「离开直播间」
[2022-04-28 11:26:25,263] [INFO] [psnopc][base.py - line:218] 点击返回
[2022-04-28 11:26:27,809] [INFO] [psnopc][base.py - line:218] 点击返回
[2022-04-28 11:26:28,062] [INFO] [psnopc][base.py - line:34] 点击元素:「mind页」
[2022-04-28 11:26:29,699] [INFO] [psnopc][base.py - line:52] 点击元素:「个人中心」
[2022-04-28 11:26:31,115] [INFO] [psnopc][base.py - line:52] 点击元素:「黑名单管理」
[2022-04-28 11:26:34,923] [INFO] [psnopc][base.py - line:391] 断言「./aseert_pic/mind_shield_manager.jpg」图片元素存在!
[2022-04-28 11:26:35,691] [INFO] [psnopc][base.py - line:410] 点击元素:「./aseert_pic/mind_shield_manager_remove.jpg」
[2022-04-28 11:26:35,693] [INFO] [psnopc][test_audience_host_shield.py - line:19] 结束进入直播间
[2022-04-28 11:26:35,694] [INFO] [psnopc][conftest.py - line:20] 自动化测试结束!
[2022-04-28 11:26:35,825] [INFO] [psnopc][conftest.py - line:12] 自动化测试开始!
[2022-04-28 11:26:35,825] [INFO] [psnopc][driver.py - line:12] A3KUUT2113000390
[2022-04-28 11:26:36,847] [INFO] [psnopc][driver.py - line:15] 连接设备:A3KUUT2113000390
[2022-04-28 11:26:36,847] [INFO] [psnopc][conftest.py - line:14] driver初始化
[2022-04-28 11:26:41,493] [INFO] [psnopc][test_audience_myself_detail.py - line:16] 初始化进入直播间
[2022-04-28 11:26:41,883] [INFO] [psnopc][base.py - line:34] 点击元素:「搜索按钮」
[2022-04-28 11:26:42,444] [INFO] [psnopc][base.py - line:88] 输入文字「输入搜索内容-自动化测试」
[2022-04-28 11:26:42,688] [INFO] [psnopc][base.py - line:34] 点击元素:「搜索按钮」
[2022-04-28 11:26:43,165] [INFO] [psnopc][base.py - line:34] 点击元素:「点击直播间」
[2022-04-28 11:26:45,324] [INFO] [psnopc][base.py - line:34] 点击元素:「主播头像」
[2022-04-28 11:26:46,679] [INFO] [psnopc][base.py - line:34] 点击元素:「主页按钮」
[2022-04-28 11:26:50,855] [INFO] [psnopc][base.py - line:391] 断言「./aseert_pic/audience_detail_follower.jpg」图片元素存在!
[2022-04-28 11:26:52,983] [INFO] [psnopc][base.py - line:391] 断言「./aseert_pic/audience_detail_fans.jpg」图片元素存在!
[2022-04-28 11:26:55,015] [INFO] [psnopc][base.py - line:391] 断言「./aseert_pic/audience_detail_contributionRanking.jpg」图片元素存在!
[2022-04-28 11:26:57,094] [INFO] [psnopc][base.py - line:391] 断言「./aseert_pic/audience_detail_fansRanking.jpg」图片元素存在!
[2022-04-28 11:26:57,631] [INFO] [psnopc][base.py - line:391] 断言「./aseert_pic/audience_detail_myVideo.jpg」图片元素存在!
[2022-04-28 11:26:58,188] [INFO] [psnopc][base.py - line:391] 断言「./aseert_pic/audience_detail_myLikeVideo.jpg」图片元素存在!
[2022-04-28 11:27:00,906] [INFO] [psnopc][base.py - line:391] 断言「./aseert_pic/audience_detail_focus.jpg」图片元素存在!
[2022-04-28 11:27:00,908] [INFO] [psnopc][test_audience_myself_detail.py - line:19] 结束进入直播间
[2022-04-28 11:27:00,909] [INFO] [psnopc][conftest.py - line:20] 自动化测试结束!
[2022-04-28 11:27:01,098] [INFO] [psnopc][conftest.py - line:12] 自动化测试开始!
[2022-04-28 11:27:01,098] [INFO] [psnopc][driver.py - line:12] A3KUUT2113000390
[2022-04-28 11:27:02,118] [INFO] [psnopc][driver.py - line:15] 连接设备:A3KUUT2113000390
[2022-04-28 11:27:02,118] [INFO] [psnopc][conftest.py - line:14] driver初始化
[2022-04-28 11:27:06,763] [INFO] [psnopc][test_audience_person_detail.py - line:16] 初始化进入直播间
[2022-04-28 11:27:07,171] [INFO] [psnopc][base.py - line:34] 点击元素:「搜索按钮」
[2022-04-28 11:27:07,722] [INFO] [psnopc][base.py - line:88] 输入文字「输入搜索内容-自动化测试」
[2022-04-28 11:27:08,018] [INFO] [psnopc][base.py - line:34] 点击元素:「搜索按钮」
[2022-04-28 11:27:08,598] [INFO] [psnopc][base.py - line:34] 点击元素:「点击直播间」
[2022-04-28 11:27:10,730] [INFO] [psnopc][base.py - line:34] 点击元素:「主播头像」
[2022-04-28 11:27:11,296] [INFO] [psnopc][base.py - line:34] 点击元素:「主页按钮」
[2022-04-28 11:27:15,358] [INFO] [psnopc][base.py - line:391] 断言「./aseert_pic/audience_detail_follower.jpg」图片元素存在!
[2022-04-28 11:27:17,493] [INFO] [psnopc][base.py - line:391] 断言「./aseert_pic/audience_detail_fans.jpg」图片元素存在!
[2022-04-28 11:27:19,519] [INFO] [psnopc][base.py - line:391] 断言「./aseert_pic/audience_detail_contributionRanking.jpg」图片元素存在!
[2022-04-28 11:27:21,589] [INFO] [psnopc][base.py - line:391] 断言「./aseert_pic/audience_detail_fansRanking.jpg」图片元素存在!
[2022-04-28 11:27:22,134] [INFO] [psnopc][base.py - line:391] 断言「./aseert_pic/audience_detail_myVideo.jpg」图片元素存在!
[2022-04-28 11:27:22,574] [INFO] [psnopc][base.py - line:391] 断言「./aseert_pic/audience_detail_myLikeVideo.jpg」图片元素存在!
[2022-04-28 11:27:25,212] [INFO] [psnopc][base.py - line:391] 断言「./aseert_pic/audience_detail_focus.jpg」图片元素存在!
[2022-04-28 11:27:25,214] [INFO] [psnopc][test_audience_person_detail.py - line:19] 结束进入直播间
[2022-04-28 11:27:25,215] [INFO] [psnopc][conftest.py - line:20] 自动化测试结束!
[2022-04-28 11:27:25,408] [INFO] [psnopc][conftest.py - line:12] 自动化测试开始!
[2022-04-28 11:27:25,408] [INFO] [psnopc][driver.py - line:12] A3KUUT2113000390
[2022-04-28 11:27:26,426] [INFO] [psnopc][driver.py - line:15] 连接设备:A3KUUT2113000390
[2022-04-28 11:27:26,426] [INFO] [psnopc][conftest.py - line:14] driver初始化
[2022-04-28 11:27:31,128] [INFO] [psnopc][test_host_close.py - line:16] 初始化直播准备模块
[2022-04-28 11:27:31,552] [INFO] [psnopc][base.py - line:34] 点击元素:「com.yiwuzhibo:id/iv_create」
[2022-04-28 11:27:32,617] [INFO] [psnopc][base.py - line:248] 等待「com.yiwuzhibo:id/tiv_live」元素出现
[2022-04-28 11:27:32,935] [INFO] [psnopc][base.py - line:34] 点击元素:「com.yiwuzhibo:id/tiv_live」
[2022-04-28 11:27:34,730] [INFO] [psnopc][base.py - line:34] 点击元素:「com.yiwuzhibo:id/preview_start」
[2022-04-28 11:27:37,001] [INFO] [psnopc][base.py - line:34] 点击元素:「com.yiwuzhibo:id/av_room_top_close」
[2022-04-28 11:27:38,451] [INFO] [psnopc][base.py - line:248] 等待「结束直播」元素出现
[2022-04-28 11:28:00,324] [INFO] [psnopc][test_host_close.py - line:19] 结束直播准备模块
[2022-04-28 11:28:00,325] [INFO] [psnopc][conftest.py - line:20] 自动化测试结束!
[2022-04-28 11:28:00,492] [INFO] [psnopc][conftest.py - line:12] 自动化测试开始!
[2022-04-28 11:28:00,492] [INFO] [psnopc][driver.py - line:12] A3KUUT2113000390
[2022-04-28 11:28:01,509] [INFO] [psnopc][driver.py - line:15] 连接设备:A3KUUT2113000390
[2022-04-28 11:28:01,510] [INFO] [psnopc][conftest.py - line:14] driver初始化
[2022-04-28 11:28:06,121] [INFO] [psnopc][test_host_fans_group.py - line:16] 初始化直播准备模块
[2022-04-28 11:28:06,484] [INFO] [psnopc][base.py - line:34] 点击元素:「com.yiwuzhibo:id/iv_create」
[2022-04-28 11:28:07,554] [INFO] [psnopc][base.py - line:248] 等待「com.yiwuzhibo:id/tiv_live」元素出现
[2022-04-28 11:28:07,853] [INFO] [psnopc][base.py - line:34] 点击元素:「com.yiwuzhibo:id/tiv_live」
[2022-04-28 11:28:09,654] [INFO] [psnopc][base.py - line:34] 点击元素:「com.yiwuzhibo:id/preview_start」
[2022-04-28 11:28:16,313] [INFO] [psnopc][base.py - line:34] 点击元素:「com.yiwuzhibo:id/liveroom_play_fans_group」
[2022-04-28 11:28:16,507] [INFO] [psnopc][base.py - line:314] 断言「魅力主播榜」元素存在,成功了!
[2022-04-28 11:28:16,508] [INFO] [psnopc][test_host_fans_group.py - line:19] 结束直播准备模块
[2022-04-28 11:28:16,509] [INFO] [psnopc][conftest.py - line:20] 自动化测试结束!
[2022-04-28 11:28:16,709] [INFO] [psnopc][conftest.py - line:12] 自动化测试开始!
[2022-04-28 11:28:16,710] [INFO] [psnopc][driver.py - line:12] A3KUUT2113000390
[2022-04-28 11:28:17,721] [INFO] [psnopc][driver.py - line:15] 连接设备:A3KUUT2113000390
[2022-04-28 11:28:17,721] [INFO] [psnopc][conftest.py - line:14] driver初始化
[2022-04-28 11:28:22,263] [INFO] [psnopc][test_host_fans_group.py - line:16] 初始化直播准备模块
[2022-04-28 11:28:22,640] [INFO] [psnopc][base.py - line:34] 点击元素:「com.yiwuzhibo:id/iv_create」
[2022-04-28 11:28:23,719] [INFO] [psnopc][base.py - line:248] 等待「com.yiwuzhibo:id/tiv_live」元素出现
[2022-04-28 11:28:24,040] [INFO] [psnopc][base.py - line:34] 点击元素:「com.yiwuzhibo:id/tiv_live」
[2022-04-28 11:28:25,827] [INFO] [psnopc][base.py - line:34] 点击元素:「com.yiwuzhibo:id/preview_start」
[2022-04-28 11:28:32,686] [INFO] [psnopc][base.py - line:34] 点击元素:「com.yiwuzhibo:id/liveroom_play_fans_group」
[2022-04-28 11:28:33,314] [INFO] [psnopc][base.py - line:34] 点击元素:「com.yiwuzhibo:id/rly_fans_top3」
[2022-04-28 11:28:33,495] [INFO] [psnopc][base.py - line:314] 断言「粉丝榜」元素存在,成功了!
[2022-04-28 11:28:33,496] [INFO] [psnopc][test_host_fans_group.py - line:19] 结束直播准备模块
[2022-04-28 11:28:33,497] [INFO] [psnopc][conftest.py - line:20] 自动化测试结束!
[2022-04-28 11:28:33,718] [INFO] [psnopc][conftest.py - line:12] 自动化测试开始!
[2022-04-28 11:28:33,718] [INFO] [psnopc][driver.py - line:12] A3KUUT2113000390
[2022-04-28 11:28:34,731] [INFO] [psnopc][driver.py - line:15] 连接设备:A3KUUT2113000390
[2022-04-28 11:28:34,731] [INFO] [psnopc][conftest.py - line:14] driver初始化
[2022-04-28 11:28:39,224] [INFO] [psnopc][test_host_fans_group.py - line:16] 初始化直播准备模块
[2022-04-28 11:28:39,597] [INFO] [psnopc][base.py - line:34] 点击元素:「com.yiwuzhibo:id/iv_create」
[2022-04-28 11:28:40,671] [INFO] [psnopc][base.py - line:248] 等待「com.yiwuzhibo:id/tiv_live」元素出现
[2022-04-28 11:28:40,965] [INFO] [psnopc][base.py - line:34] 点击元素:「com.yiwuzhibo:id/tiv_live」
[2022-04-28 11:28:42,207] [INFO] [psnopc][base.py - line:34] 点击元素:「com.yiwuzhibo:id/preview_start」
[2022-04-28 11:28:49,811] [INFO] [psnopc][base.py - line:34] 点击元素:「com.yiwuzhibo:id/liveroom_play_fans_group」
[2022-04-28 11:28:50,433] [INFO] [psnopc][base.py - line:34] 点击元素:「com.yiwuzhibo:id/bgv_streamer_ranking」
[2022-04-28 11:28:50,838] [INFO] [psnopc][base.py - line:314] 断言「魅力榜」元素存在,成功了!
[2022-04-28 11:28:50,839] [INFO] [psnopc][test_host_fans_group.py - line:19] 结束直播准备模块
[2022-04-28 11:28:50,840] [INFO] [psnopc][conftest.py - line:20] 自动化测试结束!
[2022-04-28 11:28:51,110] [INFO] [psnopc][conftest.py - line:12] 自动化测试开始!
[2022-04-28 11:28:51,110] [INFO] [psnopc][driver.py - line:12] A3KUUT2113000390
[2022-04-28 11:28:52,130] [INFO] [psnopc][driver.py - line:15] 连接设备:A3KUUT2113000390
[2022-04-28 11:28:52,130] [INFO] [psnopc][conftest.py - line:14] driver初始化
[2022-04-28 11:28:56,610] [INFO] [psnopc][test_host_input_message.py - line:16] 初始化直播准备模块
[2022-04-28 11:28:56,953] [INFO] [psnopc][base.py - line:34] 点击元素:「com.yiwuzhibo:id/iv_create」
[2022-04-28 11:28:58,022] [INFO] [psnopc][base.py - line:248] 等待「com.yiwuzhibo:id/tiv_live」元素出现
[2022-04-28 11:28:58,349] [INFO] [psnopc][base.py - line:34] 点击元素:「com.yiwuzhibo:id/tiv_live」
[2022-04-28 11:29:00,119] [INFO] [psnopc][base.py - line:34] 点击元素:「com.yiwuzhibo:id/preview_start」
[2022-04-28 11:29:06,830] [INFO] [psnopc][base.py - line:34] 点击元素:「com.yiwuzhibo:id/liveroom_comment」
[2022-04-28 11:29:07,395] [INFO] [psnopc][base.py - line:88] 输入文字「com.yiwuzhibo:id/input_edit_text_view」
[2022-04-28 11:29:07,874] [INFO] [psnopc][base.py - line:34] 点击元素:「com.yiwuzhibo:id/input_confirm_tv」
[2022-04-28 11:29:09,904] [INFO] [psnopc][base.py - line:324] 断言「主播发言」元素存在,成功了!
[2022-04-28 11:29:09,905] [INFO] [psnopc][test_host_input_message.py - line:19] 结束直播准备模块
[2022-04-28 11:29:09,906] [INFO] [psnopc][conftest.py - line:20] 自动化测试结束!
[2022-04-28 11:29:10,058] [INFO] [psnopc][conftest.py - line:12] 自动化测试开始!
[2022-04-28 11:29:10,059] [INFO] [psnopc][driver.py - line:12] A3KUUT2113000390
[2022-04-28 11:29:11,072] [INFO] [psnopc][driver.py - line:15] 连接设备:A3KUUT2113000390
[2022-04-28 11:29:11,073] [INFO] [psnopc][conftest.py - line:14] driver初始化
[2022-04-28 11:29:15,592] [INFO] [psnopc][test_host_mute_live.py - line:16] 初始化直播准备模块
[2022-04-28 11:29:15,953] [INFO] [psnopc][base.py - line:34] 点击元素:「com.yiwuzhibo:id/iv_create」
[2022-04-28 11:29:17,018] [INFO] [psnopc][base.py - line:248] 等待「com.yiwuzhibo:id/tiv_live」元素出现
[2022-04-28 11:29:17,355] [INFO] [psnopc][base.py - line:34] 点击元素:「com.yiwuzhibo:id/tiv_live」
[2022-04-28 11:29:19,121] [INFO] [psnopc][base.py - line:34] 点击元素:「com.yiwuzhibo:id/preview_start」
[2022-04-28 11:29:25,845] [INFO] [psnopc][base.py - line:34] 点击元素:「com.yiwuzhibo:id/liveroom_fun_more」
[2022-04-28 11:29:28,681] [INFO] [psnopc][test_host_mute_live.py - line:19] 结束直播准备模块
[2022-04-28 11:29:28,682] [INFO] [psnopc][conftest.py - line:20] 自动化测试结束!
[2022-04-28 11:29:28,810] [INFO] [psnopc][conftest.py - line:12] 自动化测试开始!
[2022-04-28 11:29:28,810] [INFO] [psnopc][driver.py - line:12] A3KUUT2113000390
[2022-04-28 11:29:29,822] [INFO] [psnopc][driver.py - line:15] 连接设备:A3KUUT2113000390
[2022-04-28 11:29:29,822] [INFO] [psnopc][conftest.py - line:14] driver初始化
[2022-04-28 11:29:34,370] [INFO] [psnopc][test_host_tools_beauty_face.py - line:16] 初始化直播准备模块
[2022-04-28 11:29:34,728] [INFO] [psnopc][base.py - line:34] 点击元素:「com.yiwuzhibo:id/iv_create」
[2022-04-28 11:29:35,782] [INFO] [psnopc][base.py - line:248] 等待「com.yiwuzhibo:id/tiv_live」元素出现
[2022-04-28 11:29:36,044] [INFO] [psnopc][base.py - line:34] 点击元素:「com.yiwuzhibo:id/tiv_live」
[2022-04-28 11:29:37,828] [INFO] [psnopc][base.py - line:34] 点击元素:「com.yiwuzhibo:id/preview_start」
[2022-04-28 11:29:44,742] [INFO] [psnopc][base.py - line:34] 点击元素:「com.yiwuzhibo:id/liveroom_fun_more」
[2022-04-28 11:29:45,310] [INFO] [psnopc][base.py - line:34] 点击元素:「//*[@resource-id="com.yiwuzhibo:id/av_room_fun_rv"]/android.widget.LinearLayout[1]/android.widget.ImageView[1]」
[2022-04-28 11:29:46,062] [INFO] [psnopc][base.py - line:34] 点击元素:「com.yiwuzhibo:id/cb_shape」
[2022-04-28 11:29:46,193] [INFO] [psnopc][base.py - line:314] 断言「大眼」元素存在,成功了!
[2022-04-28 11:29:46,272] [INFO] [psnopc][base.py - line:314] 断言「瘦脸」元素存在,成功了!
[2022-04-28 11:29:46,320] [INFO] [psnopc][base.py - line:314] 断言「下巴」元素存在,成功了!
[2022-04-28 11:29:46,388] [INFO] [psnopc][base.py - line:314] 断言「额头」元素存在,成功了!
[2022-04-28 11:29:46,419] [INFO] [psnopc][base.py - line:314] 断言「瘦鼻」元素存在,成功了!
[2022-04-28 11:29:46,465] [INFO] [psnopc][base.py - line:314] 断言「嘴型」元素存在,成功了!
[2022-04-28 11:29:46,801] [INFO] [psnopc][base.py - line:34] 点击元素:「大眼」
[2022-04-28 11:29:48,069] [INFO] [psnopc][base.py - line:169] 拖动元素「0.5」「0.918」至元素「0.091」「0.919」处
[2022-04-28 11:29:48,173] [INFO] [psnopc][base.py - line:429] 元素:「com.yiwuzhibo:id/sb_progress_tv」的text为「0」
[2022-04-28 11:29:49,313] [INFO] [psnopc][base.py - line:169] 拖动元素「0.091」「0.919」至元素「0.921」「0.919」处
[2022-04-28 11:29:49,381] [INFO] [psnopc][base.py - line:429] 元素:「com.yiwuzhibo:id/sb_progress_tv」的text为「100」
[2022-04-28 11:29:49,654] [INFO] [psnopc][base.py - line:34] 点击元素:「瘦脸」
[2022-04-28 11:29:50,795] [INFO] [psnopc][base.py - line:169] 拖动元素「0.5」「0.918」至元素「0.091」「0.919」处
[2022-04-28 11:29:50,869] [INFO] [psnopc][base.py - line:429] 元素:「com.yiwuzhibo:id/sb_progress_tv」的text为「0」
[2022-04-28 11:29:51,977] [INFO] [psnopc][base.py - line:169] 拖动元素「0.091」「0.919」至元素「0.921」「0.919」处
[2022-04-28 11:29:52,023] [INFO] [psnopc][base.py - line:429] 元素:「com.yiwuzhibo:id/sb_progress_tv」的text为「100」
[2022-04-28 11:29:52,313] [INFO] [psnopc][base.py - line:34] 点击元素:「下巴」
[2022-04-28 11:29:53,400] [INFO] [psnopc][base.py - line:169] 拖动元素「0.5」「0.918」至元素「0.091」「0.919」处
[2022-04-28 11:29:53,500] [INFO] [psnopc][base.py - line:429] 元素:「com.yiwuzhibo:id/sb_progress_tv」的text为「0」
[2022-04-28 11:29:54,600] [INFO] [psnopc][base.py - line:169] 拖动元素「0.091」「0.919」至元素「0.921」「0.919」处
[2022-04-28 11:29:54,677] [INFO] [psnopc][base.py - line:429] 元素:「com.yiwuzhibo:id/sb_progress_tv」的text为「100」
[2022-04-28 11:29:54,938] [INFO] [psnopc][base.py - line:34] 点击元素:「额头」
[2022-04-28 11:29:56,046] [INFO] [psnopc][base.py - line:169] 拖动元素「0.5」「0.918」至元素「0.091」「0.919」处
[2022-04-28 11:29:56,136] [INFO] [psnopc][base.py - line:429] 元素:「com.yiwuzhibo:id/sb_progress_tv」的text为「0」
[2022-04-28 11:29:57,221] [INFO] [psnopc][base.py - line:169] 拖动元素「0.091」「0.919」至元素「0.921」「0.919」处
[2022-04-28 11:29:57,282] [INFO] [psnopc][base.py - line:429] 元素:「com.yiwuzhibo:id/sb_progress_tv」的text为「100」
[2022-04-28 11:29:57,547] [INFO] [psnopc][base.py - line:34] 点击元素:「瘦鼻」
[2022-04-28 11:29:58,645] [INFO] [psnopc][base.py - line:169] 拖动元素「0.5」「0.918」至元素「0.091」「0.919」处
[2022-04-28 11:29:58,714] [INFO] [psnopc][base.py - line:429] 元素:「com.yiwuzhibo:id/sb_progress_tv」的text为「0」
[2022-04-28 11:29:59,846] [INFO] [psnopc][base.py - line:169] 拖动元素「0.091」「0.919」至元素「0.921」「0.919」处
[2022-04-28 11:29:59,903] [INFO] [psnopc][base.py - line:429] 元素:「com.yiwuzhibo:id/sb_progress_tv」的text为「100」
[2022-04-28 11:30:00,169] [INFO] [psnopc][base.py - line:34] 点击元素:「嘴型」
[2022-04-28 11:30:01,270] [INFO] [psnopc][base.py - line:169] 拖动元素「0.5」「0.918」至元素「0.091」「0.919」处
[2022-04-28 11:30:01,348] [INFO] [psnopc][base.py - line:429] 元素:「com.yiwuzhibo:id/sb_progress_tv」的text为「0」
[2022-04-28 11:30:02,493] [INFO] [psnopc][base.py - line:169] 拖动元素「0.091」「0.919」至元素「0.921」「0.919」处
[2022-04-28 11:30:02,537] [INFO] [psnopc][base.py - line:429] 元素:「com.yiwuzhibo:id/sb_progress_tv」的text为「100」
[2022-04-28 11:30:02,539] [INFO] [psnopc][test_host_tools_beauty_face.py - line:19] 结束直播准备模块
[2022-04-28 11:30:02,541] [INFO] [psnopc][conftest.py - line:20] 自动化测试结束!
[2022-04-28 11:30:02,674] [INFO] [psnopc][conftest.py - line:12] 自动化测试开始!
[2022-04-28 11:30:02,674] [INFO] [psnopc][driver.py - line:12] A3KUUT2113000390
[2022-04-28 11:30:03,686] [INFO] [psnopc][driver.py - line:15] 连接设备:A3KUUT2113000390
[2022-04-28 11:30:03,686] [INFO] [psnopc][conftest.py - line:14] driver初始化
[2022-04-28 11:30:08,230] [INFO] [psnopc][test_host_tools_beauty_skin.py - line:16] 初始化直播准备模块
[2022-04-28 11:30:08,601] [INFO] [psnopc][base.py - line:34] 点击元素:「com.yiwuzhibo:id/iv_create」
[2022-04-28 11:30:09,678] [INFO] [psnopc][base.py - line:248] 等待「com.yiwuzhibo:id/tiv_live」元素出现
[2022-04-28 11:30:09,985] [INFO] [psnopc][base.py - line:34] 点击元素:「com.yiwuzhibo:id/tiv_live」
[2022-04-28 11:30:11,769] [INFO] [psnopc][base.py - line:34] 点击元素:「com.yiwuzhibo:id/preview_start」
[2022-04-28 11:30:18,462] [INFO] [psnopc][base.py - line:34] 点击元素:「com.yiwuzhibo:id/liveroom_fun_more」
[2022-04-28 11:30:18,991] [INFO] [psnopc][base.py - line:34] 点击元素:「//*[@resource-id="com.yiwuzhibo:id/av_room_fun_rv"]/android.widget.LinearLayout[1]/android.widget.ImageView[1]」
[2022-04-28 11:30:20,666] [INFO] [psnopc][base.py - line:169] 拖动元素「0.5」「0.918」至元素「0.091」「0.919」处
[2022-04-28 11:30:20,803] [INFO] [psnopc][base.py - line:429] 元素:「com.yiwuzhibo:id/sb_progress_tv」的text为「0」
[2022-04-28 11:30:21,949] [INFO] [psnopc][base.py - line:169] 拖动元素「0.091」「0.919」至元素「0.921」「0.919」处
[2022-04-28 11:30:22,033] [INFO] [psnopc][base.py - line:429] 元素:「com.yiwuzhibo:id/sb_progress_tv」的text为「100」
[2022-04-28 11:30:22,296] [INFO] [psnopc][base.py - line:34] 点击元素:「美白」
[2022-04-28 11:30:23,420] [INFO] [psnopc][base.py - line:169] 拖动元素「0.5」「0.918」至元素「0.091」「0.919」处
[2022-04-28 11:30:23,502] [INFO] [psnopc][base.py - line:429] 元素:「com.yiwuzhibo:id/sb_progress_tv」的text为「0」
[2022-04-28 11:30:24,573] [INFO] [psnopc][base.py - line:169] 拖动元素「0.091」「0.919」至元素「0.921」「0.919」处
[2022-04-28 11:30:24,662] [INFO] [psnopc][base.py - line:429] 元素:「com.yiwuzhibo:id/sb_progress_tv」的text为「100」
[2022-04-28 11:30:24,914] [INFO] [psnopc][base.py - line:34] 点击元素:「红润」
[2022-04-28 11:30:26,029] [INFO] [psnopc][base.py - line:169] 拖动元素「0.5」「0.918」至元素「0.091」「0.919」处
[2022-04-28 11:30:26,100] [INFO] [psnopc][base.py - line:429] 元素:「com.yiwuzhibo:id/sb_progress_tv」的text为「0」
[2022-04-28 11:30:27,233] [INFO] [psnopc][base.py - line:169] 拖动元素「0.091」「0.919」至元素「0.921」「0.919」处
[2022-04-28 11:30:27,289] [INFO] [psnopc][base.py - line:429] 元素:「com.yiwuzhibo:id/sb_progress_tv」的text为「100」
[2022-04-28 11:30:27,290] [INFO] [psnopc][test_host_tools_beauty_skin.py - line:19] 结束直播准备模块
[2022-04-28 11:30:27,290] [INFO] [psnopc][conftest.py - line:20] 自动化测试结束!
[2022-04-28 11:30:27,454] [INFO] [psnopc][conftest.py - line:12] 自动化测试开始!
[2022-04-28 11:30:27,454] [INFO] [psnopc][driver.py - line:12] A3KUUT2113000390
[2022-04-28 11:30:28,467] [INFO] [psnopc][driver.py - line:15] 连接设备:A3KUUT2113000390
[2022-04-28 11:30:28,468] [INFO] [psnopc][conftest.py - line:14] driver初始化
[2022-04-28 11:30:33,070] [INFO] [psnopc][test_host_tools_share.py - line:16] 初始化直播准备模块
[2022-04-28 11:30:33,429] [INFO] [psnopc][base.py - line:34] 点击元素:「com.yiwuzhibo:id/iv_create」
[2022-04-28 11:30:34,501] [INFO] [psnopc][base.py - line:248] 等待「com.yiwuzhibo:id/tiv_live」元素出现
[2022-04-28 11:30:34,812] [INFO] [psnopc][base.py - line:34] 点击元素:「com.yiwuzhibo:id/tiv_live」
[2022-04-28 11:30:36,502] [INFO] [psnopc][base.py - line:34] 点击元素:「com.yiwuzhibo:id/preview_start」
[2022-04-28 11:30:43,035] [INFO] [psnopc][base.py - line:34] 点击元素:「com.yiwuzhibo:id/liveroom_fun_more」
[2022-04-28 11:30:44,505] [INFO] [psnopc][base.py - line:169] 拖动元素「0.882」「0.869」至元素「0.179」「0.869」处
[2022-04-28 11:30:45,565] [INFO] [psnopc][base.py - line:314] 断言「分享」元素存在,成功了!
[2022-04-28 11:30:45,830] [INFO] [psnopc][base.py - line:34] 点击元素:「//*[@resource-id="com.yiwuzhibo:id/av_room_fun_rv"]/android.widget.LinearLayout[1]/android.widget.ImageView[1]」
[2022-04-28 11:30:46,546] [INFO] [psnopc][base.py - line:34] 点击元素:「Facebook」
[2022-04-28 11:30:49,706] [INFO] [psnopc][base.py - line:314] 断言「facebook」元素存在,成功了!
[2022-04-28 11:30:49,707] [INFO] [psnopc][test_host_tools_share.py - line:19] 结束直播准备模块
[2022-04-28 11:30:49,708] [INFO] [psnopc][conftest.py - line:20] 自动化测试结束!
[2022-04-28 11:30:49,870] [INFO] [psnopc][conftest.py - line:12] 自动化测试开始!
[2022-04-28 11:30:49,870] [INFO] [psnopc][driver.py - line:12] A3KUUT2113000390
[2022-04-28 11:30:50,890] [INFO] [psnopc][driver.py - line:15] 连接设备:A3KUUT2113000390
[2022-04-28 11:30:50,891] [INFO] [psnopc][conftest.py - line:14] driver初始化
[2022-04-28 11:30:55,560] [INFO] [psnopc][test_host_tools_share.py - line:16] 初始化直播准备模块
[2022-04-28 11:30:55,942] [INFO] [psnopc][base.py - line:34] 点击元素:「com.yiwuzhibo:id/iv_create」
[2022-04-28 11:30:57,017] [INFO] [psnopc][base.py - line:248] 等待「com.yiwuzhibo:id/tiv_live」元素出现
[2022-04-28 11:30:57,325] [INFO] [psnopc][base.py - line:34] 点击元素:「com.yiwuzhibo:id/tiv_live」
[2022-04-28 11:30:59,060] [INFO] [psnopc][base.py - line:34] 点击元素:「com.yiwuzhibo:id/preview_start」
[2022-04-28 11:31:05,712] [INFO] [psnopc][base.py - line:34] 点击元素:「com.yiwuzhibo:id/liveroom_fun_more」
[2022-04-28 11:31:07,130] [INFO] [psnopc][base.py - line:169] 拖动元素「0.882」「0.869」至元素「0.179」「0.869」处
[2022-04-28 11:31:08,156] [INFO] [psnopc][base.py - line:314] 断言「分享」元素存在,成功了!
[2022-04-28 11:31:08,438] [INFO] [psnopc][base.py - line:34] 点击元素:「//*[@resource-id="com.yiwuzhibo:id/av_room_fun_rv"]/android.widget.LinearLayout[1]/android.widget.ImageView[1]」
[2022-04-28 11:31:09,011] [INFO] [psnopc][base.py - line:34] 点击元素:「Twitter」
[2022-04-28 11:31:12,311] [INFO] [psnopc][base.py - line:324] 断言「twitter.com」元素存在,成功了!
[2022-04-28 11:31:12,313] [INFO] [psnopc][test_host_tools_share.py - line:19] 结束直播准备模块
[2022-04-28 11:31:12,314] [INFO] [psnopc][conftest.py - line:20] 自动化测试结束!
[2022-04-28 11:31:12,678] [INFO] [psnopc][conftest.py - line:12] 自动化测试开始!
[2022-04-28 11:31:12,679] [INFO] [psnopc][driver.py - line:12] A3KUUT2113000390
[2022-04-28 11:31:13,700] [INFO] [psnopc][driver.py - line:15] 连接设备:A3KUUT2113000390
[2022-04-28 11:31:13,700] [INFO] [psnopc][conftest.py - line:14] driver初始化
[2022-04-28 11:31:18,363] [INFO] [psnopc][test_host_tools_share.py - line:16] 初始化直播准备模块
[2022-04-28 11:31:18,733] [INFO] [psnopc][base.py - line:34] 点击元素:「com.yiwuzhibo:id/iv_create」
[2022-04-28 11:31:19,791] [INFO] [psnopc][base.py - line:248] 等待「com.yiwuzhibo:id/tiv_live」元素出现
[2022-04-28 11:31:20,069] [INFO] [psnopc][base.py - line:34] 点击元素:「com.yiwuzhibo:id/tiv_live」
[2022-04-28 11:31:21,889] [INFO] [psnopc][base.py - line:34] 点击元素:「com.yiwuzhibo:id/preview_start」
[2022-04-28 11:31:29,089] [INFO] [psnopc][base.py - line:34] 点击元素:「com.yiwuzhibo:id/liveroom_fun_more」
[2022-04-28 11:31:30,775] [INFO] [psnopc][base.py - line:169] 拖动元素「0.882」「0.869」至元素「0.179」「0.869」处
[2022-04-28 11:31:31,817] [INFO] [psnopc][base.py - line:314] 断言「分享」元素存在,成功了!
[2022-04-28 11:31:32,103] [INFO] [psnopc][base.py - line:34] 点击元素:「//*[@resource-id="com.yiwuzhibo:id/av_room_fun_rv"]/android.widget.LinearLayout[1]/android.widget.ImageView[1]」
[2022-04-28 11:31:33,659] [INFO] [psnopc][base.py - line:169] 拖动元素「0.882」「0.869」至元素「0.179」「0.869」处
[2022-04-28 11:31:34,685] [INFO] [psnopc][base.py - line:314] 断言「Line」元素存在,成功了!
[2022-04-28 11:31:35,151] [INFO] [psnopc][base.py - line:34] 点击元素:「Line」
[2022-04-28 11:31:38,292] [INFO] [psnopc][base.py - line:314] 断言「LINE」元素存在,成功了!
[2022-04-28 11:31:38,294] [INFO] [psnopc][test_host_tools_share.py - line:19] 结束直播准备模块
[2022-04-28 11:31:38,295] [INFO] [psnopc][conftest.py - line:20] 自动化测试结束!
[2022-04-28 11:31:38,453] [INFO] [psnopc][conftest.py - line:12] 自动化测试开始!
[2022-04-28 11:31:38,454] [INFO] [psnopc][driver.py - line:12] A3KUUT2113000390
[2022-04-28 11:31:39,477] [INFO] [psnopc][driver.py - line:15] 连接设备:A3KUUT2113000390
[2022-04-28 11:31:39,478] [INFO] [psnopc][conftest.py - line:14] driver初始化
[2022-04-28 11:31:44,286] [INFO] [psnopc][test_host_user_avatar.py - line:16] 初始化直播准备模块
[2022-04-28 11:31:44,597] [INFO] [psnopc][base.py - line:34] 点击元素:「com.yiwuzhibo:id/iv_create」
[2022-04-28 11:31:45,670] [INFO] [psnopc][base.py - line:248] 等待「com.yiwuzhibo:id/tiv_live」元素出现
[2022-04-28 11:31:45,963] [INFO] [psnopc][base.py - line:34] 点击元素:「com.yiwuzhibo:id/tiv_live」
[2022-04-28 11:31:47,787] [INFO] [psnopc][base.py - line:34] 点击元素:「com.yiwuzhibo:id/preview_start」
[2022-04-28 11:31:54,562] [INFO] [psnopc][base.py - line:34] 点击元素:「com.yiwuzhibo:id/user_avatar」
[2022-04-28 11:31:54,766] [INFO] [psnopc][base.py - line:314] 断言「粉丝」元素存在,成功了!
[2022-04-28 11:31:54,861] [INFO] [psnopc][base.py - line:314] 断言「关注」元素存在,成功了!
[2022-04-28 11:31:54,951] [INFO] [psnopc][base.py - line:314] 断言「送出」元素存在,成功了!
[2022-04-28 11:31:54,969] [INFO] [psnopc][base.py - line:314] 断言「收到」元素存在,成功了!
[2022-04-28 11:31:54,970] [INFO] [psnopc][test_host_user_avatar.py - line:19] 结束直播准备模块
[2022-04-28 11:31:54,971] [INFO] [psnopc][conftest.py - line:20] 自动化测试结束!
[2022-04-28 11:31:55,107] [INFO] [psnopc][conftest.py - line:12] 自动化测试开始!
[2022-04-28 11:31:55,108] [INFO] [psnopc][driver.py - line:12] A3KUUT2113000390
[2022-04-28 11:31:56,118] [INFO] [psnopc][driver.py - line:15] 连接设备:A3KUUT2113000390
[2022-04-28 11:31:56,118] [INFO] [psnopc][conftest.py - line:14] driver初始化
[2022-04-28 11:32:00,710] [INFO] [psnopc][test_live_beauty_face.py - line:16] 初始化直播准备模块
[2022-04-28 11:32:01,098] [INFO] [psnopc][base.py - line:34] 点击元素:「com.yiwuzhibo:id/iv_create」
[2022-04-28 11:32:02,182] [INFO] [psnopc][base.py - line:248] 等待「com.yiwuzhibo:id/tiv_live」元素出现
[2022-04-28 11:32:02,494] [INFO] [psnopc][base.py - line:34] 点击元素:「com.yiwuzhibo:id/tiv_live」
[2022-04-28 11:32:04,314] [INFO] [psnopc][base.py - line:34] 点击元素:「com.yiwuzhibo:id/preview_filter_tv」
[2022-04-28 11:32:04,890] [INFO] [psnopc][base.py - line:34] 点击元素:「com.yiwuzhibo:id/cb_shape」
[2022-04-28 11:32:04,912] [INFO] [psnopc][base.py - line:314] 断言「大眼」元素存在,成功了!
[2022-04-28 11:32:04,975] [INFO] [psnopc][base.py - line:314] 断言「瘦脸」元素存在,成功了!
[2022-04-28 11:32:04,996] [INFO] [psnopc][base.py - line:314] 断言「下巴」元素存在,成功了!
[2022-04-28 11:32:05,026] [INFO] [psnopc][base.py - line:314] 断言「额头」元素存在,成功了!
[2022-04-28 11:32:05,097] [INFO] [psnopc][base.py - line:314] 断言「瘦鼻」元素存在,成功了!
[2022-04-28 11:32:05,122] [INFO] [psnopc][base.py - line:314] 断言「嘴型」元素存在,成功了!
[2022-04-28 11:32:05,407] [INFO] [psnopc][base.py - line:34] 点击元素:「大眼」
[2022-04-28 11:32:06,489] [INFO] [psnopc][base.py - line:169] 拖动元素「0.5」「0.918」至元素「0.091」「0.919」处
[2022-04-28 11:32:06,582] [INFO] [psnopc][base.py - line:429] 元素:「com.yiwuzhibo:id/sb_progress_tv」的text为「0」
[2022-04-28 11:32:07,665] [INFO] [psnopc][base.py - line:169] 拖动元素「0.091」「0.919」至元素「0.921」「0.919」处
[2022-04-28 11:32:07,760] [INFO] [psnopc][base.py - line:429] 元素:「com.yiwuzhibo:id/sb_progress_tv」的text为「100」
[2022-04-28 11:32:08,029] [INFO] [psnopc][base.py - line:34] 点击元素:「瘦脸」
[2022-04-28 11:32:09,466] [INFO] [psnopc][base.py - line:169] 拖动元素「0.5」「0.918」至元素「0.091」「0.919」处
[2022-04-28 11:32:09,560] [INFO] [psnopc][base.py - line:429] 元素:「com.yiwuzhibo:id/sb_progress_tv」的text为「0」
[2022-04-28 11:32:10,619] [INFO] [psnopc][base.py - line:169] 拖动元素「0.091」「0.919」至元素「0.921」「0.919」处
[2022-04-28 11:32:10,708] [INFO] [psnopc][base.py - line:429] 元素:「com.yiwuzhibo:id/sb_progress_tv」的text为「100」
[2022-04-28 11:32:10,969] [INFO] [psnopc][base.py - line:34] 点击元素:「下巴」
[2022-04-28 11:32:12,042] [INFO] [psnopc][base.py - line:169] 拖动元素「0.5」「0.918」至元素「0.091」「0.919」处
[2022-04-28 11:32:12,144] [INFO] [psnopc][base.py - line:429] 元素:「com.yiwuzhibo:id/sb_progress_tv」的text为「0」
[2022-04-28 11:32:13,216] [INFO] [psnopc][base.py - line:169] 拖动元素「0.091」「0.919」至元素「0.921」「0.919」处
[2022-04-28 11:32:13,320] [INFO] [psnopc][base.py - line:429] 元素:「com.yiwuzhibo:id/sb_progress_tv」的text为「100」
[2022-04-28 11:32:13,561] [INFO] [psnopc][base.py - line:34] 点击元素:「额头」
[2022-04-28 11:32:14,600] [INFO] [psnopc][base.py - line:169] 拖动元素「0.5」「0.918」至元素「0.091」「0.919」处
[2022-04-28 11:32:14,722] [INFO] [psnopc][base.py - line:429] 元素:「com.yiwuzhibo:id/sb_progress_tv」的text为「0」
[2022-04-28 11:32:15,806] [INFO] [psnopc][base.py - line:169] 拖动元素「0.091」「0.919」至元素「0.921」「0.919」处
[2022-04-28 11:32:15,894] [INFO] [psnopc][base.py - line:429] 元素:「com.yiwuzhibo:id/sb_progress_tv」的text为「100」
[2022-04-28 11:32:16,154] [INFO] [psnopc][base.py - line:34] 点击元素:「瘦鼻」
[2022-04-28 11:32:17,216] [INFO] [psnopc][base.py - line:169] 拖动元素「0.5」「0.918」至元素「0.091」「0.919」处
[2022-04-28 11:32:17,312] [INFO] [psnopc][base.py - line:429] 元素:「com.yiwuzhibo:id/sb_progress_tv」的text为「0」
[2022-04-28 11:32:18,370] [INFO] [psnopc][base.py - line:169] 拖动元素「0.091」「0.919」至元素「0.921」「0.919」处
[2022-04-28 11:32:18,462] [INFO] [psnopc][base.py - line:429] 元素:「com.yiwuzhibo:id/sb_progress_tv」的text为「100」
[2022-04-28 11:32:18,725] [INFO] [psnopc][base.py - line:34] 点击元素:「嘴型」
[2022-04-28 11:32:19,770] [INFO] [psnopc][base.py - line:169] 拖动元素「0.5」「0.918」至元素「0.091」「0.919」处
[2022-04-28 11:32:19,857] [INFO] [psnopc][base.py - line:429] 元素:「com.yiwuzhibo:id/sb_progress_tv」的text为「0」
[2022-04-28 11:32:20,910] [INFO] [psnopc][base.py - line:169] 拖动元素「0.091」「0.919」至元素「0.921」「0.919」处
[2022-04-28 11:32:20,993] [INFO] [psnopc][base.py - line:429] 元素:「com.yiwuzhibo:id/sb_progress_tv」的text为「100」
[2022-04-28 11:32:20,994] [INFO] [psnopc][test_live_beauty_face.py - line:19] 结束直播准备模块
[2022-04-28 11:32:20,995] [INFO] [psnopc][conftest.py - line:20] 自动化测试结束!
[2022-04-28 11:32:21,119] [INFO] [psnopc][conftest.py - line:12] 自动化测试开始!
[2022-04-28 11:32:21,119] [INFO] [psnopc][driver.py - line:12] A3KUUT2113000390
[2022-04-28 11:32:22,142] [INFO] [psnopc][driver.py - line:15] 连接设备:A3KUUT2113000390
[2022-04-28 11:32:22,143] [INFO] [psnopc][conftest.py - line:14] driver初始化
[2022-04-28 11:32:26,694] [INFO] [psnopc][test_live_beauty_skin.py - line:16] 初始化直播准备模块
[2022-04-28 11:32:27,043] [INFO] [psnopc][base.py - line:34] 点击元素:「com.yiwuzhibo:id/iv_create」
[2022-04-28 11:32:28,131] [INFO] [psnopc][base.py - line:248] 等待「com.yiwuzhibo:id/tiv_live」元素出现
[2022-04-28 11:32:28,446] [INFO] [psnopc][base.py - line:34] 点击元素:「com.yiwuzhibo:id/tiv_live」
[2022-04-28 11:32:30,217] [INFO] [psnopc][base.py - line:34] 点击元素:「com.yiwuzhibo:id/preview_filter_tv」
[2022-04-28 11:32:30,323] [INFO] [psnopc][base.py - line:314] 断言「美白」元素存在,成功了!
[2022-04-28 11:32:30,387] [INFO] [psnopc][base.py - line:314] 断言「磨皮」元素存在,成功了!
[2022-04-28 11:32:30,413] [INFO] [psnopc][base.py - line:314] 断言「红润」元素存在,成功了!
[2022-04-28 11:32:31,564] [INFO] [psnopc][base.py - line:169] 拖动元素「0.5」「0.918」至元素「0.091」「0.919」处
[2022-04-28 11:32:31,649] [INFO] [psnopc][base.py - line:429] 元素:「com.yiwuzhibo:id/sb_progress_tv」的text为「0」
[2022-04-28 11:32:32,723] [INFO] [psnopc][base.py - line:169] 拖动元素「0.091」「0.919」至元素「0.921」「0.919」处
[2022-04-28 11:32:32,812] [INFO] [psnopc][base.py - line:429] 元素:「com.yiwuzhibo:id/sb_progress_tv」的text为「100」
[2022-04-28 11:32:33,065] [INFO] [psnopc][base.py - line:34] 点击元素:「美白」
[2022-04-28 11:32:34,182] [INFO] [psnopc][base.py - line:169] 拖动元素「0.5」「0.918」至元素「0.091」「0.919」处
[2022-04-28 11:32:34,294] [INFO] [psnopc][base.py - line:429] 元素:「com.yiwuzhibo:id/sb_progress_tv」的text为「0」
[2022-04-28 11:32:35,713] [INFO] [psnopc][base.py - line:169] 拖动元素「0.091」「0.919」至元素「0.921」「0.919」处
[2022-04-28 11:32:35,799] [INFO] [psnopc][base.py - line:429] 元素:「com.yiwuzhibo:id/sb_progress_tv」的text为「100」
[2022-04-28 11:32:36,048] [INFO] [psnopc][base.py - line:34] 点击元素:「红润」
[2022-04-28 11:32:37,102] [INFO] [psnopc][base.py - line:169] 拖动元素「0.5」「0.918」至元素「0.091」「0.919」处
[2022-04-28 11:32:37,194] [INFO] [psnopc][base.py - line:429] 元素:「com.yiwuzhibo:id/sb_progress_tv」的text为「0」
[2022-04-28 11:32:38,240] [INFO] [psnopc][base.py - line:169] 拖动元素「0.091」「0.919」至元素「0.921」「0.919」处
[2022-04-28 11:32:38,343] [INFO] [psnopc][base.py - line:429] 元素:「com.yiwuzhibo:id/sb_progress_tv」的text为「100」
[2022-04-28 11:32:38,344] [INFO] [psnopc][test_live_beauty_skin.py - line:19] 结束直播准备模块
[2022-04-28 11:32:38,346] [INFO] [psnopc][conftest.py - line:20] 自动化测试结束!
[2022-04-28 11:32:38,507] [INFO] [psnopc][conftest.py - line:12] 自动化测试开始!
[2022-04-28 11:32:38,507] [INFO] [psnopc][driver.py - line:12] A3KUUT2113000390
[2022-04-28 11:32:39,520] [INFO] [psnopc][driver.py - line:15] 连接设备:A3KUUT2113000390
[2022-04-28 11:32:39,520] [INFO] [psnopc][conftest.py - line:14] driver初始化
[2022-04-28 11:32:44,233] [INFO] [psnopc][test_live_cover.py - line:16] 初始化直播准备模块
[2022-04-28 11:32:44,586] [INFO] [psnopc][base.py - line:34] 点击元素:「com.yiwuzhibo:id/iv_create」
[2022-04-28 11:32:45,667] [INFO] [psnopc][base.py - line:248] 等待「com.yiwuzhibo:id/tiv_live」元素出现
[2022-04-28 11:32:45,987] [INFO] [psnopc][base.py - line:34] 点击元素:「com.yiwuzhibo:id/tiv_live」
[2022-04-28 11:32:47,295] [INFO] [psnopc][base.py - line:34] 点击元素:「com.yiwuzhibo:id/av_preview_cover_bg」
[2022-04-28 11:32:47,821] [INFO] [psnopc][base.py - line:34] 点击元素:「com.yiwuzhibo:id/cover_add」
[2022-04-28 11:32:47,934] [INFO] [psnopc][base.py - line:314] 断言「相册」元素存在,成功了!
[2022-04-28 11:32:48,626] [INFO] [psnopc][base.py - line:34] 点击元素:「//*[@text="相册"]」
[2022-04-28 11:32:50,005] [INFO] [psnopc][base.py - line:34] 点击元素:「相机」
[2022-04-28 11:32:50,643] [INFO] [psnopc][base.py - line:34] 点击元素:「//androidx.recyclerview.widget.RecyclerView/android.widget.RelativeLayout[1]」
[2022-04-28 11:32:51,031] [INFO] [psnopc][base.py - line:34] 点击元素:「com.hihonor.photos:id/head_select_right」
[2022-04-28 11:32:52,970] [INFO] [psnopc][base.py - line:34] 点击元素:「com.yiwuzhibo:id/activity_crop_photo_confirm」
[2022-04-28 11:32:58,156] [INFO] [psnopc][base.py - line:314] 断言「审核中」元素存在,成功了!
[2022-04-28 11:32:58,423] [INFO] [psnopc][base.py - line:34] 点击元素:「com.yiwuzhibo:id/cover_delete_click」
[2022-04-28 11:32:58,832] [INFO] [psnopc][base.py - line:34] 点击元素:「确定」
[2022-04-28 11:33:09,155] [INFO] [psnopc][base.py - line:367] 断言「审核中」元素不存在,成功了!
[2022-04-28 11:33:09,156] [INFO] [psnopc][test_live_cover.py - line:19] 结束直播准备模块
[2022-04-28 11:33:09,157] [INFO] [psnopc][conftest.py - line:20] 自动化测试结束!
[2022-04-28 11:33:09,285] [INFO] [psnopc][conftest.py - line:12] 自动化测试开始!
[2022-04-28 11:33:09,286] [INFO] [psnopc][driver.py - line:12] A3KUUT2113000390
[2022-04-28 11:33:10,298] [INFO] [psnopc][driver.py - line:15] 连接设备:A3KUUT2113000390
[2022-04-28 11:33:10,298] [INFO] [psnopc][conftest.py - line:14] driver初始化
[2022-04-28 11:33:15,098] [INFO] [psnopc][test_live_premiere.py - line:16] 初始化直播准备模块
[2022-04-28 11:33:15,470] [INFO] [psnopc][base.py - line:34] 点击元素:「com.yiwuzhibo:id/iv_create」
[2022-04-28 11:33:16,543] [INFO] [psnopc][base.py - line:248] 等待「com.yiwuzhibo:id/tiv_live」元素出现
[2022-04-28 11:33:16,854] [INFO] [psnopc][base.py - line:34] 点击元素:「com.yiwuzhibo:id/tiv_live」
[2022-04-28 11:33:18,658] [INFO] [psnopc][base.py - line:34] 点击元素:「com.yiwuzhibo:id/preview_start」
[2022-04-28 11:33:25,094] [INFO] [psnopc][base.py - line:314] 断言「粉丝团」元素存在,成功了!
[2022-04-28 11:33:25,242] [INFO] [psnopc][base.py - line:314] 断言「贡献榜」元素存在,成功了!
[2022-04-28 11:33:25,319] [INFO] [psnopc][base.py - line:314] 断言「粉丝团」元素存在,成功了!
[2022-04-28 11:33:25,320] [INFO] [psnopc][test_live_premiere.py - line:19] 结束直播准备模块
[2022-04-28 11:33:25,321] [INFO] [psnopc][conftest.py - line:20] 自动化测试结束!
[2022-04-28 11:33:25,463] [INFO] [psnopc][conftest.py - line:12] 自动化测试开始!
[2022-04-28 11:33:25,464] [INFO] [psnopc][driver.py - line:12] A3KUUT2113000390
[2022-04-28 11:33:26,485] [INFO] [psnopc][driver.py - line:15] 连接设备:A3KUUT2113000390
[2022-04-28 11:33:26,486] [INFO] [psnopc][conftest.py - line:14] driver初始化
[2022-04-28 11:33:31,153] [INFO] [psnopc][test_live_setTitle.py - line:16] 初始化直播准备模块
[2022-04-28 11:33:31,531] [INFO] [psnopc][base.py - line:34] 点击元素:「com.yiwuzhibo:id/iv_create」
[2022-04-28 11:33:32,629] [INFO] [psnopc][base.py - line:248] 等待「com.yiwuzhibo:id/tiv_live」元素出现
[2022-04-28 11:33:32,945] [INFO] [psnopc][base.py - line:34] 点击元素:「com.yiwuzhibo:id/tiv_live」
[2022-04-28 11:33:34,771] [INFO] [psnopc][base.py - line:88] 输入文字「com.yiwuzhibo:id/av_preview_edit_room_title」
[2022-04-28 11:33:35,820] [INFO] [psnopc][base.py - line:218] 点击返回
[2022-04-28 11:33:36,182] [INFO] [psnopc][base.py - line:34] 点击元素:「com.yiwuzhibo:id/preview_start」
[2022-04-28 11:33:41,544] [INFO] [psnopc][base.py - line:314] 断言「贡献榜」元素存在,成功了!
[2022-04-28 11:33:41,545] [INFO] [psnopc][test_live_setTitle.py - line:19] 结束直播准备模块
[2022-04-28 11:33:41,546] [INFO] [psnopc][conftest.py - line:20] 自动化测试结束!
[2022-04-28 11:33:41,665] [INFO] [psnopc][conftest.py - line:12] 自动化测试开始!
[2022-04-28 11:33:41,666] [INFO] [psnopc][driver.py - line:12] A3KUUT2113000390
[2022-04-28 11:33:42,677] [INFO] [psnopc][driver.py - line:15] 连接设备:A3KUUT2113000390
[2022-04-28 11:33:42,677] [INFO] [psnopc][conftest.py - line:14] driver初始化
[2022-04-28 11:33:47,340] [INFO] [psnopc][test_live_share.py - line:16] 初始化直播准备模块
[2022-04-28 11:33:47,719] [INFO] [psnopc][base.py - line:34] 点击元素:「com.yiwuzhibo:id/iv_create」
[2022-04-28 11:33:48,795] [INFO] [psnopc][base.py - line:248] 等待「com.yiwuzhibo:id/tiv_live」元素出现
[2022-04-28 11:33:49,086] [INFO] [psnopc][base.py - line:34] 点击元素:「com.yiwuzhibo:id/tiv_live」
[2022-04-28 11:33:50,832] [INFO] [psnopc][base.py - line:34] 点击元素:「com.yiwuzhibo:id/preview_share_facebook」
[2022-04-28 11:33:53,296] [INFO] [psnopc][base.py - line:314] 断言「facebook」元素存在,成功了!
[2022-04-28 11:33:53,297] [INFO] [psnopc][test_live_share.py - line:19] 结束直播准备模块
[2022-04-28 11:33:53,298] [INFO] [psnopc][conftest.py - line:20] 自动化测试结束!
[2022-04-28 11:33:53,441] [INFO] [psnopc][conftest.py - line:12] 自动化测试开始!
[2022-04-28 11:33:53,442] [INFO] [psnopc][driver.py - line:12] A3KUUT2113000390
[2022-04-28 11:33:54,467] [INFO] [psnopc][driver.py - line:15] 连接设备:A3KUUT2113000390
[2022-04-28 11:33:54,467] [INFO] [psnopc][conftest.py - line:14] driver初始化
[2022-04-28 11:33:59,200] [INFO] [psnopc][test_live_share.py - line:16] 初始化直播准备模块
[2022-04-28 11:33:59,579] [INFO] [psnopc][base.py - line:34] 点击元素:「com.yiwuzhibo:id/iv_create」
[2022-04-28 11:34:00,666] [INFO] [psnopc][base.py - line:248] 等待「com.yiwuzhibo:id/tiv_live」元素出现
[2022-04-28 11:34:00,961] [INFO] [psnopc][base.py - line:34] 点击元素:「com.yiwuzhibo:id/tiv_live」
[2022-04-28 11:34:02,666] [INFO] [psnopc][base.py - line:34] 点击元素:「com.yiwuzhibo:id/preview_share_twitter」
[2022-04-28 11:34:04,390] [INFO] [psnopc][base.py - line:324] 断言「twitter.com」元素存在,成功了!
[2022-04-28 11:34:04,390] [INFO] [psnopc][test_live_share.py - line:19] 结束直播准备模块
[2022-04-28 11:34:04,391] [INFO] [psnopc][conftest.py - line:20] 自动化测试结束!
[2022-04-28 11:34:04,614] [INFO] [psnopc][conftest.py - line:12] 自动化测试开始!
[2022-04-28 11:34:04,615] [INFO] [psnopc][driver.py - line:12] A3KUUT2113000390
[2022-04-28 11:34:05,630] [INFO] [psnopc][driver.py - line:15] 连接设备:A3KUUT2113000390
[2022-04-28 11:34:05,630] [INFO] [psnopc][conftest.py - line:14] driver初始化
[2022-04-28 11:34:10,496] [INFO] [psnopc][test_live_share.py - line:16] 初始化直播准备模块
[2022-04-28 11:34:10,863] [INFO] [psnopc][base.py - line:34] 点击元素:「com.yiwuzhibo:id/iv_create」
[2022-04-28 11:34:11,938] [INFO] [psnopc][base.py - line:248] 等待「com.yiwuzhibo:id/tiv_live」元素出现
[2022-04-28 11:34:12,204] [INFO] [psnopc][base.py - line:34] 点击元素:「com.yiwuzhibo:id/tiv_live」
[2022-04-28 11:34:13,973] [INFO] [psnopc][base.py - line:34] 点击元素:「com.yiwuzhibo:id/preview_share_line」
[2022-04-28 11:34:15,819] [INFO] [psnopc][base.py - line:314] 断言「LINE」元素存在,成功了!
[2022-04-28 11:34:15,820] [INFO] [psnopc][test_live_share.py - line:19] 结束直播准备模块
[2022-04-28 11:34:15,821] [INFO] [psnopc][conftest.py - line:20] 自动化测试结束!
[2022-04-28 11:34:15,955] [INFO] [psnopc][conftest.py - line:12] 自动化测试开始!
[2022-04-28 11:34:15,955] [INFO] [psnopc][driver.py - line:12] A3KUUT2113000390
[2022-04-28 11:34:16,976] [INFO] [psnopc][driver.py - line:15] 连接设备:A3KUUT2113000390
[2022-04-28 11:34:16,976] [INFO] [psnopc][conftest.py - line:14] driver初始化
[2022-04-28 11:34:21,706] [INFO] [psnopc][test_mind_account.py - line:15] 初始化我的账户模块
[2022-04-28 11:34:21,962] [INFO] [psnopc][base.py - line:34] 点击元素:「//*[@resource-id="com.yiwuzhibo:id/tab_layout"]/android.widget.LinearLayout[1]/android.widget.RelativeLayout[5]」
[2022-04-28 11:34:23,519] [INFO] [psnopc][base.py - line:52] 点击元素:「我的账户」
[2022-04-28 11:34:23,695] [INFO] [psnopc][base.py - line:334] 断言「com.yiwuzhibo:id/tv_bar_title」元素存在,成功了!
[2022-04-28 11:34:23,709] [INFO] [psnopc][base.py - line:314] 断言「小象币」元素存在,成功了!
[2022-04-28 11:34:23,723] [INFO] [psnopc][base.py - line:314] 断言「象豆」元素存在,成功了!
[2022-04-28 11:34:23,775] [INFO] [psnopc][base.py - line:334] 断言「com.yiwuzhibo:id/ele_coin_count」元素存在,成功了!
[2022-04-28 11:34:23,789] [INFO] [psnopc][base.py - line:334] 断言「com.yiwuzhibo:id/ele_bean_count」元素存在,成功了!
[2022-04-28 11:34:23,804] [INFO] [psnopc][base.py - line:334] 断言「com.yiwuzhibo:id/elecoin_recharge」元素存在,成功了!
[2022-04-28 11:34:24,113] [INFO] [psnopc][base.py - line:34] 点击元素:「小象币充值卡片」
[2022-04-28 11:34:25,328] [INFO] [psnopc][base.py - line:334] 断言「com.yiwuzhibo:id/tv_bar_title」元素存在,成功了!
[2022-04-28 11:34:25,371] [INFO] [psnopc][base.py - line:334] 断言「com.yiwuzhibo:id/my_head」元素存在,成功了!
[2022-04-28 11:34:25,415] [INFO] [psnopc][base.py - line:334] 断言「com.yiwuzhibo:id/nick_name」元素存在,成功了!
[2022-04-28 11:34:25,488] [INFO] [psnopc][base.py - line:334] 断言「com.yiwuzhibo:id/my_elecoin_icon」元素存在,成功了!
[2022-04-28 11:34:25,530] [INFO] [psnopc][base.py - line:334] 断言「com.yiwuzhibo:id/my_elebean_title」元素存在,成功了!
[2022-04-28 11:34:25,567] [INFO] [psnopc][base.py - line:334] 断言「com.yiwuzhibo:id/tv_balance」元素存在,成功了!
[2022-04-28 11:34:25,643] [INFO] [psnopc][base.py - line:334] 断言「com.yiwuzhibo:id/tv_bar_right」元素存在,成功了!
[2022-04-28 11:34:25,903] [INFO] [psnopc][base.py - line:34] 点击元素:「充值档位1-60小象币」
[2022-04-28 11:34:26,018] [INFO] [psnopc][base.py - line:334] 断言「com.yiwuzhibo:id/tv_item_pay_type」元素存在,成功了!
[2022-04-28 11:34:26,032] [INFO] [psnopc][base.py - line:334] 断言「com.yiwuzhibo:id/bgv_pay」元素存在,成功了!
[2022-04-28 11:34:26,049] [INFO] [psnopc][base.py - line:334] 断言「com.yiwuzhibo:id/tv_pay_amount」元素存在,成功了!
[2022-04-28 11:34:26,051] [INFO] [psnopc][test_mind_account.py - line:18] 结束我的账户模块
[2022-04-28 11:34:26,051] [INFO] [psnopc][conftest.py - line:20] 自动化测试结束!
[2022-04-28 11:34:26,141] [INFO] [psnopc][conftest.py - line:12] 自动化测试开始!
[2022-04-28 11:34:26,142] [INFO] [psnopc][driver.py - line:12] A3KUUT2113000390
[2022-04-28 11:34:27,160] [INFO] [psnopc][driver.py - line:15] 连接设备:A3KUUT2113000390
[2022-04-28 11:34:27,161] [INFO] [psnopc][conftest.py - line:14] driver初始化
[2022-04-28 11:34:31,917] [INFO] [psnopc][test_mind_account_elebean_detail.py - line:15] 初始化我的账户模块
[2022-04-28 11:34:32,259] [INFO] [psnopc][base.py - line:34] 点击元素:「//*[@resource-id="com.yiwuzhibo:id/tab_layout"]/android.widget.LinearLayout[1]/android.widget.RelativeLayout[5]」
[2022-04-28 11:34:33,858] [INFO] [psnopc][base.py - line:52] 点击元素:「我的账户」
[2022-04-28 11:34:35,287] [INFO] [psnopc][base.py - line:34] 点击元素:「点击象豆卡片」
[2022-04-28 11:34:37,600] [INFO] [psnopc][base.py - line:34] 点击元素:「象豆明细tab」
[2022-04-28 11:34:38,685] [INFO] [psnopc][base.py - line:354] 断言「象豆明细」元素存在,成功了!
[2022-04-28 11:34:39,381] [INFO] [psnopc][base.py - line:391] 断言「./aseert_pic/mind_account_detail_income.jpg」图片元素存在!
[2022-04-28 11:34:40,263] [INFO] [psnopc][base.py - line:391] 断言「./aseert_pic/mind_account_detail_spending.jpg」图片元素存在!
[2022-04-28 11:34:40,265] [INFO] [psnopc][test_mind_account_elebean_detail.py - line:18] 结束我的账户模块
[2022-04-28 11:34:40,266] [INFO] [psnopc][conftest.py - line:20] 自动化测试结束!
[2022-04-28 11:34:40,407] [INFO] [psnopc][conftest.py - line:12] 自动化测试开始!
[2022-04-28 11:34:40,407] [INFO] [psnopc][driver.py - line:12] A3KUUT2113000390
[2022-04-28 11:34:41,427] [INFO] [psnopc][driver.py - line:15] 连接设备:A3KUUT2113000390
[2022-04-28 11:34:41,428] [INFO] [psnopc][conftest.py - line:14] driver初始化
[2022-04-28 11:34:46,273] [INFO] [psnopc][test_mind_account_elebean_gift.py - line:15] 初始化我的账户模块
[2022-04-28 11:34:46,615] [INFO] [psnopc][base.py - line:34] 点击元素:「//*[@resource-id="com.yiwuzhibo:id/tab_layout"]/android.widget.LinearLayout[1]/android.widget.RelativeLayout[5]」
[2022-04-28 11:34:48,203] [INFO] [psnopc][base.py - line:52] 点击元素:「我的账户」
[2022-04-28 11:34:49,635] [INFO] [psnopc][base.py - line:34] 点击元素:「点击象豆卡片」
[2022-04-28 11:34:51,938] [INFO] [psnopc][base.py - line:34] 点击元素:「象豆礼包tab」
[2022-04-28 11:34:52,050] [INFO] [psnopc][base.py - line:354] 断言「象豆礼包」元素存在,成功了!
[2022-04-28 11:34:53,729] [INFO] [psnopc][test_mind_account_elebean_gift.py - line:18] 结束我的账户模块
[2022-04-28 11:34:53,730] [INFO] [psnopc][conftest.py - line:20] 自动化测试结束!
[2022-04-28 11:34:53,848] [INFO] [psnopc][conftest.py - line:12] 自动化测试开始!
[2022-04-28 11:34:53,849] [INFO] [psnopc][driver.py - line:12] A3KUUT2113000390
[2022-04-28 11:34:54,870] [INFO] [psnopc][driver.py - line:15] 连接设备:A3KUUT2113000390
[2022-04-28 11:34:54,870] [INFO] [psnopc][conftest.py - line:14] driver初始化
[2022-04-28 11:34:59,741] [INFO] [psnopc][test_mind_account_eleconin_detail.py - line:15] 初始化我的账户模块
[2022-04-28 11:35:00,017] [INFO] [psnopc][base.py - line:34] 点击元素:「//*[@resource-id="com.yiwuzhibo:id/tab_layout"]/android.widget.LinearLayout[1]/android.widget.RelativeLayout[5]」
[2022-04-28 11:35:01,654] [INFO] [psnopc][base.py - line:52] 点击元素:「我的账户」
[2022-04-28 11:35:02,272] [INFO] [psnopc][base.py - line:34] 点击元素:「小象币卡片」
[2022-04-28 11:35:03,718] [INFO] [psnopc][base.py - line:34] 点击元素:「查询明细」
[2022-04-28 11:35:04,885] [INFO] [psnopc][base.py - line:354] 断言「余额明细」元素存在,成功了!
[2022-04-28 11:35:05,400] [INFO] [psnopc][base.py - line:391] 断言「./aseert_pic/mind_account_detail_income.jpg」图片元素存在!
[2022-04-28 11:35:06,316] [INFO] [psnopc][base.py - line:391] 断言「./aseert_pic/mind_account_detail_spending.jpg」图片元素存在!
[2022-04-28 11:35:06,317] [INFO] [psnopc][test_mind_account_eleconin_detail.py - line:18] 结束我的账户模块
[2022-04-28 11:35:06,319] [INFO] [psnopc][conftest.py - line:20] 自动化测试结束!
[2022-04-28 11:35:06,443] [INFO] [psnopc][conftest.py - line:12] 自动化测试开始!
[2022-04-28 11:35:06,443] [INFO] [psnopc][driver.py - line:12] A3KUUT2113000390
[2022-04-28 11:35:07,466] [INFO] [psnopc][driver.py - line:15] 连接设备:A3KUUT2113000390
[2022-04-28 11:35:07,467] [INFO] [psnopc][conftest.py - line:14] driver初始化
[2022-04-28 11:35:12,300] [INFO] [psnopc][test_mind_my_earnings.py - line:15] 初始化我的收益模块
[2022-04-28 11:35:12,643] [INFO] [psnopc][base.py - line:34] 点击元素:「//*[@resource-id="com.yiwuzhibo:id/tab_layout"]/android.widget.LinearLayout[1]/android.widget.RelativeLayout[5]」
[2022-04-28 11:35:14,230] [INFO] [psnopc][base.py - line:52] 点击元素:「主播中心」
[2022-04-28 11:35:14,778] [INFO] [psnopc][base.py - line:52] 点击元素:「我的收益」
[2022-04-28 11:35:14,923] [INFO] [psnopc][base.py - line:354] 断言「提现记录」元素存在,成功了!
[2022-04-28 11:35:14,950] [INFO] [psnopc][base.py - line:354] 断言「我的收益」元素存在,成功了!
[2022-04-28 11:35:16,011] [INFO] [psnopc][base.py - line:354] 断言「今日收入」元素存在,成功了!
[2022-04-28 11:35:16,088] [INFO] [psnopc][base.py - line:354] 断言「本月收入」元素存在,成功了!
[2022-04-28 11:35:16,132] [INFO] [psnopc][base.py - line:354] 断言「总计收入」元素存在,成功了!
[2022-04-28 11:35:16,133] [INFO] [psnopc][test_mind_my_earnings.py - line:18] 结束我的收益模块
[2022-04-28 11:35:16,134] [INFO] [psnopc][conftest.py - line:20] 自动化测试结束!
[2022-04-28 11:35:16,249] [INFO] [psnopc][conftest.py - line:12] 自动化测试开始!
[2022-04-28 11:35:16,249] [INFO] [psnopc][driver.py - line:12] A3KUUT2113000390
[2022-04-28 11:35:17,270] [INFO] [psnopc][driver.py - line:15] 连接设备:A3KUUT2113000390
[2022-04-28 11:35:17,270] [INFO] [psnopc][conftest.py - line:14] driver初始化
[2022-04-28 11:35:22,080] [INFO] [psnopc][test_mind_people_icon_change.py - line:15] 初始化直播准备模块
[2022-04-28 11:35:22,420] [INFO] [psnopc][base.py - line:34] 点击元素:「//*[@resource-id="com.yiwuzhibo:id/tab_layout"]/android.widget.LinearLayout[1]/android.widget.RelativeLayout[5]」
[2022-04-28 11:35:24,006] [INFO] [psnopc][base.py - line:52] 点击元素:「个人中心」
[2022-04-28 11:35:25,415] [INFO] [psnopc][base.py - line:52] 点击元素:「个人资料」
[2022-04-28 11:35:26,844] [INFO] [psnopc][base.py - line:420] 保存people_icon图片到aseert_pic目录下
[2022-04-28 11:35:27,149] [INFO] [psnopc][base.py - line:52] 点击元素:「编辑」
[2022-04-28 11:35:28,499] [INFO] [psnopc][base.py - line:52] 点击元素:「拍照」
[2022-04-28 11:35:30,799] [INFO] [psnopc][base.py - line:34] 点击元素:「com.huawei.camera:id/place_holder_shutter_button」
[2022-04-28 11:35:33,176] [INFO] [psnopc][base.py - line:34] 点击元素:「com.huawei.camera:id/done_button」
[2022-04-28 11:35:35,074] [INFO] [psnopc][base.py - line:34] 点击元素:「com.yiwuzhibo:id/menu_crop」
[2022-04-28 11:35:36,331] [INFO] [psnopc][base.py - line:52] 点击元素:「完成」
[2022-04-28 11:35:37,030] [INFO] [psnopc][base.py - line:401] 断言./aseert_pic/people_icon.jpg图片不元素存在,相似度为0.8668460845947266!
[2022-04-28 11:35:37,032] [INFO] [psnopc][test_mind_people_icon_change.py - line:18] 结束直播准备模块
[2022-04-28 11:35:37,033] [INFO] [psnopc][conftest.py - line:20] 自动化测试结束!
[2022-04-28 11:35:37,159] [INFO] [psnopc][conftest.py - line:12] 自动化测试开始!
[2022-04-28 11:35:37,160] [INFO] [psnopc][driver.py - line:12] A3KUUT2113000390
[2022-04-28 11:35:38,183] [INFO] [psnopc][driver.py - line:15] 连接设备:A3KUUT2113000390
[2022-04-28 11:35:38,184] [INFO] [psnopc][conftest.py - line:14] driver初始化
[2022-04-28 11:35:42,914] [INFO] [psnopc][test_mind_people_information_change.py - line:15] 初始化修改个人信息结束
[2022-04-28 11:35:43,172] [INFO] [psnopc][base.py - line:34] 点击元素:「//*[@resource-id="com.yiwuzhibo:id/tab_layout"]/android.widget.LinearLayout[1]/android.widget.RelativeLayout[5]」
[2022-04-28 11:35:44,724] [INFO] [psnopc][base.py - line:52] 点击元素:「个人中心」
[2022-04-28 11:35:45,283] [INFO] [psnopc][base.py - line:52] 点击元素:「个人资料」
[2022-04-28 11:35:47,008] [INFO] [psnopc][base.py - line:102] 输入文字「正在自动化测试, 请填写」
[2022-04-28 11:35:47,054] [INFO] [psnopc][base.py - line:218] 点击返回
[2022-04-28 11:35:47,556] [INFO] [psnopc][base.py - line:71] 点击元素「性别」
[2022-04-28 11:35:48,808] [INFO] [psnopc][base.py - line:52] 点击元素:「男」
[2022-04-28 11:35:49,118] [INFO] [psnopc][base.py - line:71] 点击元素「国家/地区」
[2022-04-28 11:35:51,519] [INFO] [psnopc][base.py - line:52] 点击元素:「阿曼」
[2022-04-28 11:35:51,731] [INFO] [psnopc][base.py - line:34] 点击元素:「//android.widget.ScrollView/android.widget.EditText[2]」
[2022-04-28 11:35:52,477] [INFO] [psnopc][base.py - line:88] 输入文字「//android.widget.ScrollView/android.widget.EditText[2]」
[2022-04-28 11:35:52,527] [INFO] [psnopc][base.py - line:218] 点击返回
[2022-04-28 11:35:53,070] [INFO] [psnopc][base.py - line:52] 点击元素:「生日」
[2022-04-28 11:35:53,483] [INFO] [psnopc][base.py - line:52] 点击元素:「确定」
[2022-04-28 11:35:53,851] [INFO] [psnopc][base.py - line:34] 点击元素:「新职业, 请填写」
[2022-04-28 11:35:53,998] [INFO] [psnopc][base.py - line:112] 输入文字「主播」
[2022-04-28 11:35:54,047] [INFO] [psnopc][base.py - line:218] 点击返回
[2022-04-28 11:35:56,605] [INFO] [psnopc][base.py - line:138] 向下滑动，查看下面的内容
[2022-04-28 11:35:57,133] [INFO] [psnopc][base.py - line:34] 点击元素:「没有个性签名, 创作一个引人注目的签名吧~」
[2022-04-28 11:35:57,274] [INFO] [psnopc][base.py - line:112] 输入文字「没有个性签名2」
[2022-04-28 11:35:59,588] [INFO] [psnopc][base.py - line:52] 点击元素:「完成」
[2022-04-28 11:35:59,780] [INFO] [psnopc][base.py - line:218] 点击返回
[2022-04-28 11:36:06,230] [INFO] [psnopc][test_mind_people_information_change.py - line:18] 修改个人信息结束
[2022-04-28 11:36:06,231] [INFO] [psnopc][conftest.py - line:20] 自动化测试结束!
[2022-04-28 11:36:06,354] [INFO] [psnopc][conftest.py - line:12] 自动化测试开始!
[2022-04-28 11:36:06,354] [INFO] [psnopc][driver.py - line:12] A3KUUT2113000390
[2022-04-28 11:36:07,377] [INFO] [psnopc][driver.py - line:15] 连接设备:A3KUUT2113000390
[2022-04-28 11:36:07,378] [INFO] [psnopc][conftest.py - line:14] driver初始化
[2022-04-28 11:36:12,162] [INFO] [psnopc][test_mind_personal_check.py - line:15] 初始化信息检查
[2022-04-28 11:36:12,535] [INFO] [psnopc][base.py - line:34] 点击元素:「//*[@resource-id="com.yiwuzhibo:id/tab_layout"]/android.widget.LinearLayout[1]/android.widget.RelativeLayout[5]」
[2022-04-28 11:36:14,830] [INFO] [psnopc][test_mind_personal_check.py - line:18] 结束信息检查
[2022-04-28 11:36:14,831] [INFO] [psnopc][conftest.py - line:20] 自动化测试结束!
[2022-04-28 11:36:17,675] [INFO] [psnopc][run.py - line:22] 报告地址:d:\workspace_new\uiauto2_ele/reports/index.html
[2022-04-28 11:44:49,865] [INFO] [psnopc][conftest.py - line:12] 自动化测试开始!
[2022-04-28 11:44:49,866] [INFO] [psnopc][driver.py - line:12] A3KUUT2113000390
[2022-04-28 11:44:50,891] [INFO] [psnopc][driver.py - line:15] 连接设备:A3KUUT2113000390
[2022-04-28 11:44:50,891] [INFO] [psnopc][conftest.py - line:14] driver初始化
[2022-04-28 11:44:55,703] [INFO] [psnopc][test_host_close.py - line:16] 初始化直播准备模块
[2022-04-28 11:44:56,091] [INFO] [psnopc][base.py - line:34] 点击元素:「com.yiwuzhibo:id/iv_create」
[2022-04-28 11:44:57,164] [INFO] [psnopc][base.py - line:248] 等待「com.yiwuzhibo:id/tiv_live」元素出现
[2022-04-28 11:44:57,427] [INFO] [psnopc][base.py - line:34] 点击元素:「com.yiwuzhibo:id/tiv_live」
[2022-04-28 11:44:59,329] [INFO] [psnopc][base.py - line:34] 点击元素:「com.yiwuzhibo:id/preview_start」
[2022-04-28 11:45:01,638] [INFO] [psnopc][base.py - line:34] 点击元素:「com.yiwuzhibo:id/av_room_top_close」
[2022-04-28 11:45:03,135] [INFO] [psnopc][base.py - line:248] 等待「结束直播」元素出现
[2022-04-28 11:45:26,200] [INFO] [psnopc][test_host_close.py - line:19] 结束直播准备模块
[2022-04-28 11:45:26,202] [INFO] [psnopc][conftest.py - line:20] 自动化测试结束!
[2022-04-28 11:45:28,709] [INFO] [psnopc][run.py - line:22] 报告地址:d:\workspace_new\uiauto2_ele/reports/index.html
[2022-04-28 11:49:36,305] [INFO] [psnopc][conftest.py - line:12] 自动化测试开始!
[2022-04-28 11:49:36,306] [INFO] [psnopc][driver.py - line:12] A3KUUT2113000390
[2022-04-28 11:49:37,346] [INFO] [psnopc][driver.py - line:15] 连接设备:A3KUUT2113000390
[2022-04-28 11:49:37,347] [INFO] [psnopc][conftest.py - line:14] driver初始化
[2022-04-28 11:49:42,038] [INFO] [psnopc][test_host_close.py - line:16] 初始化直播准备模块
[2022-04-28 11:49:42,432] [INFO] [psnopc][base.py - line:34] 点击元素:「com.yiwuzhibo:id/iv_create」
[2022-04-28 11:49:43,506] [INFO] [psnopc][base.py - line:248] 等待「com.yiwuzhibo:id/tiv_live」元素出现
[2022-04-28 11:49:43,784] [INFO] [psnopc][base.py - line:34] 点击元素:「com.yiwuzhibo:id/tiv_live」
[2022-04-28 11:49:45,458] [INFO] [psnopc][base.py - line:34] 点击元素:「com.yiwuzhibo:id/preview_start」
[2022-04-28 11:49:47,743] [INFO] [psnopc][base.py - line:34] 点击元素:「com.yiwuzhibo:id/av_room_top_close」
[2022-04-28 11:49:49,127] [INFO] [psnopc][base.py - line:248] 等待「结束直播」元素出现
[2022-04-28 11:50:11,434] [INFO] [psnopc][test_host_close.py - line:19] 结束直播准备模块
[2022-04-28 11:50:11,435] [INFO] [psnopc][conftest.py - line:20] 自动化测试结束!
[2022-04-28 11:50:13,943] [INFO] [psnopc][run.py - line:22] 报告地址:d:\workspace_new\uiauto2_ele/reports/index.html
[2022-04-28 11:50:28,382] [INFO] [psnopc][conftest.py - line:12] 自动化测试开始!
[2022-04-28 11:50:28,383] [INFO] [psnopc][driver.py - line:12] A3KUUT2113000390
[2022-04-28 11:50:29,412] [INFO] [psnopc][driver.py - line:15] 连接设备:A3KUUT2113000390
[2022-04-28 11:50:29,413] [INFO] [psnopc][conftest.py - line:14] driver初始化
[2022-04-28 11:50:34,241] [INFO] [psnopc][test_host_close.py - line:16] 初始化直播准备模块
[2022-04-28 11:50:34,616] [INFO] [psnopc][base.py - line:34] 点击元素:「com.yiwuzhibo:id/iv_create」
[2022-04-28 11:50:35,694] [INFO] [psnopc][base.py - line:248] 等待「com.yiwuzhibo:id/tiv_live」元素出现
[2022-04-28 11:50:36,003] [INFO] [psnopc][base.py - line:34] 点击元素:「com.yiwuzhibo:id/tiv_live」
[2022-04-28 11:50:37,816] [INFO] [psnopc][base.py - line:34] 点击元素:「com.yiwuzhibo:id/preview_start」
[2022-04-28 11:50:43,146] [INFO] [psnopc][base.py - line:34] 点击元素:「com.yiwuzhibo:id/av_room_top_close」
[2022-04-28 11:50:44,623] [INFO] [psnopc][base.py - line:248] 等待「结束直播」元素出现
[2022-04-28 11:51:06,756] [INFO] [psnopc][test_host_close.py - line:19] 结束直播准备模块
[2022-04-28 11:51:06,757] [INFO] [psnopc][conftest.py - line:20] 自动化测试结束!
[2022-04-28 11:51:09,205] [INFO] [psnopc][run.py - line:22] 报告地址:d:\workspace_new\uiauto2_ele/reports/index.html
[2022-04-28 11:51:28,021] [INFO] [psnopc][conftest.py - line:12] 自动化测试开始!
[2022-04-28 11:51:28,021] [INFO] [psnopc][driver.py - line:12] A3KUUT2113000390
[2022-04-28 11:51:29,048] [INFO] [psnopc][driver.py - line:15] 连接设备:A3KUUT2113000390
[2022-04-28 11:51:29,049] [INFO] [psnopc][conftest.py - line:14] driver初始化
[2022-04-28 11:51:33,930] [INFO] [psnopc][test_host_close.py - line:16] 初始化直播准备模块
[2022-04-28 11:51:34,284] [INFO] [psnopc][base.py - line:34] 点击元素:「com.yiwuzhibo:id/iv_create」
[2022-04-28 11:51:35,358] [INFO] [psnopc][base.py - line:248] 等待「com.yiwuzhibo:id/tiv_live」元素出现
[2022-04-28 11:51:35,601] [INFO] [psnopc][base.py - line:34] 点击元素:「com.yiwuzhibo:id/tiv_live」
[2022-04-28 11:51:37,338] [INFO] [psnopc][base.py - line:34] 点击元素:「com.yiwuzhibo:id/preview_start」
[2022-04-28 11:51:44,140] [INFO] [psnopc][base.py - line:34] 点击元素:「com.yiwuzhibo:id/av_room_top_close」
[2022-04-28 11:51:44,291] [INFO] [psnopc][base.py - line:248] 等待「结束直播」元素出现
[2022-04-28 11:51:44,672] [INFO] [psnopc][base.py - line:34] 点击元素:「结束直播」
[2022-04-28 11:51:46,464] [INFO] [psnopc][base.py - line:314] 断言「直播结束」元素存在,成功了!
[2022-04-28 11:51:46,502] [INFO] [psnopc][base.py - line:314] 断言「返回首页」元素存在,成功了!
[2022-04-28 11:51:46,503] [INFO] [psnopc][test_host_close.py - line:19] 结束直播准备模块
[2022-04-28 11:51:46,505] [INFO] [psnopc][conftest.py - line:20] 自动化测试结束!
[2022-04-28 11:51:48,845] [INFO] [psnopc][run.py - line:22] 报告地址:d:\workspace_new\uiauto2_ele/reports/index.html
